20230221	16:20:05	ecacae51-75b5-4f6b-a2a5-69841678287b	Too Many Requests: Too many login attempts from this IP, please try again after a 60 second pause	POST	/reset-password	http://localhost:4545
20230224	15:46:28	2a529f11-0044-4cfd-ad4e-20c273cf3f29	Too Many Requests: Too many login attempts from this IP, please try again after a 60 second pause	POST	/login	http://localhost:4545
20230224	15:46:28	f197c9ce-6916-4629-b354-d8ee0bc0bc37	Too Many Requests: Too many login attempts from this IP, please try again after a 60 second pause	POST	/login	http://localhost:4545
20230224	15:46:29	e62b3596-c6c6-4799-8016-8e3c11fd40d8	Too Many Requests: Too many login attempts from this IP, please try again after a 60 second pause	POST	/login	http://localhost:4545
20230224	15:46:29	d1e90366-044e-4063-aeea-f49b63eda34c	Too Many Requests: Too many login attempts from this IP, please try again after a 60 second pause	POST	/login	http://localhost:4545
20230224	15:46:29	f8f8925e-f0a1-4dd9-846c-c1496f04a0b3	Too Many Requests: Too many login attempts from this IP, please try again after a 60 second pause	POST	/login	http://localhost:4545
20230224	15:46:29	dedc667f-e995-4584-b2cf-933920946ead	Too Many Requests: Too many login attempts from this IP, please try again after a 60 second pause	POST	/login	http://localhost:4545
20230224	15:46:29	b89b98b5-8190-4684-b432-27aefef8988e	Too Many Requests: Too many login attempts from this IP, please try again after a 60 second pause	POST	/login	http://localhost:4545
20230224	15:46:29	919451f4-8c35-4af8-8b45-04d3a527a307	Too Many Requests: Too many login attempts from this IP, please try again after a 60 second pause	POST	/login	http://localhost:4545
20230224	15:46:29	e71cf9e0-49e3-49d8-9e45-edd30d59d21d	Too Many Requests: Too many login attempts from this IP, please try again after a 60 second pause	POST	/login	http://localhost:4545
20230224	15:46:29	96855fc2-c251-4164-abc5-fe56e4a2fa04	Too Many Requests: Too many login attempts from this IP, please try again after a 60 second pause	POST	/login	http://localhost:4545
20230224	15:46:29	8b8451c5-e4d2-4f48-9684-62824d080f3d	Too Many Requests: Too many login attempts from this IP, please try again after a 60 second pause	POST	/login	http://localhost:4545
20230224	15:46:29	8d88c407-4bac-4e5c-abc2-b90838e36f31	Too Many Requests: Too many login attempts from this IP, please try again after a 60 second pause	POST	/login	http://localhost:4545
20230224	15:46:29	88799a73-f9de-452f-b4f7-dfce499f100b	Too Many Requests: Too many login attempts from this IP, please try again after a 60 second pause	POST	/login	http://localhost:4545
20230224	15:46:29	f4dfe0af-1556-493f-9f02-06046d2be7d2	Too Many Requests: Too many login attempts from this IP, please try again after a 60 second pause	POST	/login	http://localhost:4545
20230224	15:46:29	c52c3fd9-d217-40d2-92e9-297b158e298b	Too Many Requests: Too many login attempts from this IP, please try again after a 60 second pause	POST	/login	http://localhost:4545
20230224	15:46:29	24c26dcf-9798-4cdf-a3a5-ce6f47e10353	Too Many Requests: Too many login attempts from this IP, please try again after a 60 second pause	POST	/login	http://localhost:4545
20230224	15:46:29	7bea3d49-61f5-4c37-8154-170502b4f098	Too Many Requests: Too many login attempts from this IP, please try again after a 60 second pause	POST	/login	http://localhost:4545
20230224	15:46:29	8f5608cb-cc15-49c6-a753-b42963b6aef0	Too Many Requests: Too many login attempts from this IP, please try again after a 60 second pause	POST	/login	http://localhost:4545
20230224	15:46:29	0080efce-0db7-4010-9440-e01f04540569	Too Many Requests: Too many login attempts from this IP, please try again after a 60 second pause	POST	/login	http://localhost:4545
20230224	15:46:29	7f729659-6337-438c-9ab1-1ead97a75c15	Too Many Requests: Too many login attempts from this IP, please try again after a 60 second pause	POST	/login	http://localhost:4545
20230224	15:46:29	cd480299-8eec-4596-9310-86ce956e222e	Too Many Requests: Too many login attempts from this IP, please try again after a 60 second pause	POST	/login	http://localhost:4545
20230224	15:46:29	1b042158-c72e-48c0-b505-0b9f8ef0ca2e	Too Many Requests: Too many login attempts from this IP, please try again after a 60 second pause	POST	/login	http://localhost:4545
20230224	15:46:29	814d3cb2-c67e-441d-bfb5-6691b4455bd0	Too Many Requests: Too many login attempts from this IP, please try again after a 60 second pause	POST	/login	http://localhost:4545
20230224	15:46:29	40c01ecd-32b9-4e76-948e-e22797a8db60	Too Many Requests: Too many login attempts from this IP, please try again after a 60 second pause	POST	/login	http://localhost:4545
20230224	15:46:29	324721d1-2fa9-4e57-bece-d75a27b38aa8	Too Many Requests: Too many login attempts from this IP, please try again after a 60 second pause	POST	/login	http://localhost:4545
20230224	15:46:29	c86b90b1-4cc9-460a-ade7-7defd85840d3	Too Many Requests: Too many login attempts from this IP, please try again after a 60 second pause	POST	/login	http://localhost:4545
20230224	15:46:29	0fa973f8-a2ce-43be-ae42-7e3502230be6	Too Many Requests: Too many login attempts from this IP, please try again after a 60 second pause	POST	/login	http://localhost:4545
20230224	15:46:29	e756a93b-44ef-4d69-89f5-10c431133451	Too Many Requests: Too many login attempts from this IP, please try again after a 60 second pause	POST	/login	http://localhost:4545
20230224	15:46:29	d0a5222d-e51c-486b-8d0e-6965996363a4	Too Many Requests: Too many login attempts from this IP, please try again after a 60 second pause	POST	/login	http://localhost:4545
20230224	15:46:29	8de9805f-5f43-48ee-84a3-2890c6ffa1e9	Too Many Requests: Too many login attempts from this IP, please try again after a 60 second pause	POST	/login	http://localhost:4545
20230224	15:46:29	eacaa39f-66af-4af7-b679-334d1bd9d6a0	Too Many Requests: Too many login attempts from this IP, please try again after a 60 second pause	POST	/login	http://localhost:4545
20230224	15:46:29	74ab97d7-4716-4075-9cd4-2419ac7024e6	Too Many Requests: Too many login attempts from this IP, please try again after a 60 second pause	POST	/login	http://localhost:4545
20230224	15:46:29	d3108465-a888-4d67-bc6e-0e7f46a24f34	Too Many Requests: Too many login attempts from this IP, please try again after a 60 second pause	POST	/login	http://localhost:4545
20230224	15:46:29	ff7eadbf-4473-4e1b-8343-2e81ce98feb5	Too Many Requests: Too many login attempts from this IP, please try again after a 60 second pause	POST	/login	http://localhost:4545
20230224	15:46:29	cfc53332-1ba7-4783-be84-7c53f9a9699e	Too Many Requests: Too many login attempts from this IP, please try again after a 60 second pause	POST	/login	http://localhost:4545
20230224	15:46:29	7ac42c97-fe12-42e8-a109-854e2f730d0d	Too Many Requests: Too many login attempts from this IP, please try again after a 60 second pause	POST	/login	http://localhost:4545
20230224	15:46:29	e2f48fdd-2fae-4a1d-8b1f-8febfdd81a94	Too Many Requests: Too many login attempts from this IP, please try again after a 60 second pause	POST	/login	http://localhost:4545
20230224	15:46:29	0ddc0ef9-cb95-4673-91e1-ac13dab11754	Too Many Requests: Too many login attempts from this IP, please try again after a 60 second pause	POST	/login	http://localhost:4545
20230224	15:46:29	dbcf1200-11bb-4402-be9a-c7e13dc06736	Too Many Requests: Too many login attempts from this IP, please try again after a 60 second pause	POST	/login	http://localhost:4545
20230224	15:46:29	a09b43d6-4829-4ad6-ba10-8692dbe163ac	Too Many Requests: Too many login attempts from this IP, please try again after a 60 second pause	POST	/login	http://localhost:4545
20230224	15:46:29	95f59176-0462-430f-bd61-0b30bcab8e9a	Too Many Requests: Too many login attempts from this IP, please try again after a 60 second pause	POST	/login	http://localhost:4545
20230224	15:46:29	23738de2-b20c-48b3-bac4-56aa4a35c9e3	Too Many Requests: Too many login attempts from this IP, please try again after a 60 second pause	POST	/login	http://localhost:4545
20230224	15:46:29	445f32e2-8cc3-41c7-9704-4d7cae2de6db	Too Many Requests: Too many login attempts from this IP, please try again after a 60 second pause	POST	/login	http://localhost:4545
20230224	15:46:29	89acebe0-36e5-4e30-b88c-088368a177a3	Too Many Requests: Too many login attempts from this IP, please try again after a 60 second pause	POST	/login	http://localhost:4545
20230224	15:46:29	a6879005-c891-4841-b431-774082615ce5	Too Many Requests: Too many login attempts from this IP, please try again after a 60 second pause	POST	/login	http://localhost:4545
20230224	15:46:29	45478d68-ba3f-4a4e-998a-670ab905a0c3	Too Many Requests: Too many login attempts from this IP, please try again after a 60 second pause	POST	/login	http://localhost:4545
20230224	15:46:29	dac20733-f03f-46bd-a993-0d9d8c0a0551	Too Many Requests: Too many login attempts from this IP, please try again after a 60 second pause	POST	/login	http://localhost:4545
20230224	15:46:29	a8639511-fff4-42f2-9c6b-b5e63ed665fb	Too Many Requests: Too many login attempts from this IP, please try again after a 60 second pause	POST	/login	http://localhost:4545
20230224	15:46:29	fd5e7be3-ac7f-4901-b6a9-17b094a05c90	Too Many Requests: Too many login attempts from this IP, please try again after a 60 second pause	POST	/login	http://localhost:4545
20230224	15:46:29	c998f525-bf69-4ef7-b893-9c394e265786	Too Many Requests: Too many login attempts from this IP, please try again after a 60 second pause	POST	/login	http://localhost:4545
20230224	15:46:29	dc48e96c-53b9-4c99-a28a-622d80c0c26d	Too Many Requests: Too many login attempts from this IP, please try again after a 60 second pause	POST	/login	http://localhost:4545
20230224	15:46:29	fde4ae01-3f40-4c63-b6ce-d6a4ed39c304	Too Many Requests: Too many login attempts from this IP, please try again after a 60 second pause	POST	/login	http://localhost:4545
20230224	15:46:29	5fce174c-f210-48d9-81f9-9aae176f32ad	Too Many Requests: Too many login attempts from this IP, please try again after a 60 second pause	POST	/login	http://localhost:4545
20230224	15:46:29	ddb8a2da-d9ce-4969-91c8-1dbc9a4cadb7	Too Many Requests: Too many login attempts from this IP, please try again after a 60 second pause	POST	/login	http://localhost:4545
20230224	15:46:29	944c3794-63d1-4ee3-b7bf-98d1a5977fa5	Too Many Requests: Too many login attempts from this IP, please try again after a 60 second pause	POST	/login	http://localhost:4545
20230224	15:46:29	6f201dff-b0c5-4da4-94d8-fbed70a67247	Too Many Requests: Too many login attempts from this IP, please try again after a 60 second pause	POST	/login	http://localhost:4545
20230224	15:46:29	aaba3572-a257-4d36-8cd4-73bcffb7a096	Too Many Requests: Too many login attempts from this IP, please try again after a 60 second pause	POST	/login	http://localhost:4545
20230224	15:46:29	64948d68-b094-4f30-b13d-5d15d2ae333c	Too Many Requests: Too many login attempts from this IP, please try again after a 60 second pause	POST	/login	http://localhost:4545
20230224	15:46:29	aad4e0a2-628b-4aca-8976-3fe7de6869db	Too Many Requests: Too many login attempts from this IP, please try again after a 60 second pause	POST	/login	http://localhost:4545
20230224	15:46:29	ecf5524e-94fe-4ff4-8bb4-275b66a2f011	Too Many Requests: Too many login attempts from this IP, please try again after a 60 second pause	POST	/login	http://localhost:4545
20230224	15:46:29	39277ff8-a1bf-4ad0-9391-f217b8921766	Too Many Requests: Too many login attempts from this IP, please try again after a 60 second pause	POST	/login	http://localhost:4545
20230224	15:46:29	f0ec2fa9-87e1-4f18-9c99-aefdfb289684	Too Many Requests: Too many login attempts from this IP, please try again after a 60 second pause	POST	/login	http://localhost:4545
20230224	15:46:29	45ce3625-7430-43a1-90ef-fb80ba2a1f10	Too Many Requests: Too many login attempts from this IP, please try again after a 60 second pause	POST	/login	http://localhost:4545
20230224	15:46:29	a3a6b28c-a767-4695-8d77-1aedfbd70c33	Too Many Requests: Too many login attempts from this IP, please try again after a 60 second pause	POST	/login	http://localhost:4545
20230224	15:46:29	245b2653-53c2-4e0b-b073-51a5856fa87b	Too Many Requests: Too many login attempts from this IP, please try again after a 60 second pause	POST	/login	http://localhost:4545
20230224	15:46:29	76e3975e-a71f-430f-a1c4-a4830518b099	Too Many Requests: Too many login attempts from this IP, please try again after a 60 second pause	POST	/login	http://localhost:4545
20230224	15:46:29	758b5ba1-2e5e-4394-ad0c-2190edb701dc	Too Many Requests: Too many login attempts from this IP, please try again after a 60 second pause	POST	/login	http://localhost:4545
20230224	15:46:29	ddb60ea1-853e-474c-945d-0715f883f2fd	Too Many Requests: Too many login attempts from this IP, please try again after a 60 second pause	POST	/login	http://localhost:4545
20230224	15:46:29	35fd53be-f380-4d4c-b15c-1dbda52dead8	Too Many Requests: Too many login attempts from this IP, please try again after a 60 second pause	POST	/login	http://localhost:4545
20230224	15:46:29	ea81d56a-4c1b-4404-9553-25e1966e752b	Too Many Requests: Too many login attempts from this IP, please try again after a 60 second pause	POST	/login	http://localhost:4545
20230224	15:46:29	d9aa8947-e03f-4557-8330-d0414ced57e1	Too Many Requests: Too many login attempts from this IP, please try again after a 60 second pause	POST	/login	http://localhost:4545
20230224	15:46:29	16c10cdc-4c17-4630-b155-39ac0f515f60	Too Many Requests: Too many login attempts from this IP, please try again after a 60 second pause	POST	/login	http://localhost:4545
20230224	15:46:29	00663728-0cc3-4f0f-9096-31a58d411826	Too Many Requests: Too many login attempts from this IP, please try again after a 60 second pause	POST	/login	http://localhost:4545
20230224	15:46:29	27a1c4da-f6b8-4538-b653-eaf4cb242154	Too Many Requests: Too many login attempts from this IP, please try again after a 60 second pause	POST	/login	http://localhost:4545
20230224	15:46:29	0b21f8d7-7033-4bb3-935e-30cb27e4044e	Too Many Requests: Too many login attempts from this IP, please try again after a 60 second pause	POST	/login	http://localhost:4545
20230224	15:46:29	631acd35-731a-4dd5-8ba4-d82411381828	Too Many Requests: Too many login attempts from this IP, please try again after a 60 second pause	POST	/login	http://localhost:4545
20230224	15:46:29	1ac643d5-97d9-4134-a607-0777fb3d7632	Too Many Requests: Too many login attempts from this IP, please try again after a 60 second pause	POST	/login	http://localhost:4545
20230224	15:46:29	e085852e-be78-4580-83fa-53e6e1293a4f	Too Many Requests: Too many login attempts from this IP, please try again after a 60 second pause	POST	/login	http://localhost:4545
20230224	15:46:29	abdc8ce7-8517-42f2-9e6b-64a71070f552	Too Many Requests: Too many login attempts from this IP, please try again after a 60 second pause	POST	/login	http://localhost:4545
20230224	15:46:29	7f67ba0f-3052-4885-803a-6d6bc4a700eb	Too Many Requests: Too many login attempts from this IP, please try again after a 60 second pause	POST	/login	http://localhost:4545
20230224	15:46:29	41ecc6d0-d4be-4b26-8343-e7e843fd9507	Too Many Requests: Too many login attempts from this IP, please try again after a 60 second pause	POST	/login	http://localhost:4545
20230224	15:46:29	82a1ca4b-28fd-40ab-9746-a39d4f1fac41	Too Many Requests: Too many login attempts from this IP, please try again after a 60 second pause	POST	/login	http://localhost:4545
20230224	15:46:29	6c1773d8-d2e6-4e64-ac44-d6948ad70e00	Too Many Requests: Too many login attempts from this IP, please try again after a 60 second pause	POST	/login	http://localhost:4545
20230224	15:46:29	04e6a92a-0da7-4c6c-9cf2-f8df1022da89	Too Many Requests: Too many login attempts from this IP, please try again after a 60 second pause	POST	/login	http://localhost:4545
20230224	15:46:29	4bcd8f3b-6bd4-4acd-91c0-f97438eb31cd	Too Many Requests: Too many login attempts from this IP, please try again after a 60 second pause	POST	/login	http://localhost:4545
20230224	15:46:29	2ad8291f-1166-45c0-8a00-400fa268bf0e	Too Many Requests: Too many login attempts from this IP, please try again after a 60 second pause	POST	/login	http://localhost:4545
20230224	15:46:29	19219f09-f018-44a7-9a68-68175ea22687	Too Many Requests: Too many login attempts from this IP, please try again after a 60 second pause	POST	/login	http://localhost:4545
20230224	15:46:29	7c7c9150-0065-4b52-87f4-f038fde15d64	Too Many Requests: Too many login attempts from this IP, please try again after a 60 second pause	POST	/login	http://localhost:4545
20230224	15:46:29	1b59a6e2-7121-4813-ad11-f366d7f12676	Too Many Requests: Too many login attempts from this IP, please try again after a 60 second pause	POST	/login	http://localhost:4545
20230224	15:46:29	a99c304f-8d50-418f-bd1e-c90c6c687e12	Too Many Requests: Too many login attempts from this IP, please try again after a 60 second pause	POST	/login	http://localhost:4545
20230224	15:46:29	d819bcc8-b591-4bbb-811f-06cb9a0c8445	Too Many Requests: Too many login attempts from this IP, please try again after a 60 second pause	POST	/login	http://localhost:4545
20230224	15:46:29	e74cf068-9ac2-47ed-b3d5-c935d871f5e0	Too Many Requests: Too many login attempts from this IP, please try again after a 60 second pause	POST	/login	http://localhost:4545
20230224	15:46:29	9d7aa223-c69d-4751-bb03-c85287e1f760	Too Many Requests: Too many login attempts from this IP, please try again after a 60 second pause	POST	/login	http://localhost:4545
20230224	15:46:29	f6982a99-a2b9-4e77-ac26-00eea9740c20	Too Many Requests: Too many login attempts from this IP, please try again after a 60 second pause	POST	/login	http://localhost:4545
20230224	15:47:07	cb0bb13d-4480-4228-be1e-3c131d790026	Too Many Requests: Too many login attempts from this IP, please try again after a 60 second pause	POST	/login	http://localhost:4545
20230224	15:47:07	20ac8896-d6f7-4cdb-b707-fc8111fc8f92	Too Many Requests: Too many login attempts from this IP, please try again after a 60 second pause	POST	/login	http://localhost:4545
20230224	15:47:07	9a588ce3-b9bf-4f33-be7b-9df2b6791494	Too Many Requests: Too many login attempts from this IP, please try again after a 60 second pause	POST	/login	http://localhost:4545
20230224	15:47:07	f9a215d4-8e8c-4dca-aa1a-d0d0c456fd3f	Too Many Requests: Too many login attempts from this IP, please try again after a 60 second pause	POST	/login	http://localhost:4545
20230224	15:47:07	bf4cf4e6-6058-4564-a09f-e3f4ca01c5d0	Too Many Requests: Too many login attempts from this IP, please try again after a 60 second pause	POST	/login	http://localhost:4545
20230224	15:47:07	a58d677e-1ef3-45a4-901e-6d168114bd03	Too Many Requests: Too many login attempts from this IP, please try again after a 60 second pause	POST	/login	http://localhost:4545
20230224	15:47:07	b232992f-246d-4a7c-ac58-5fe07f9f8790	Too Many Requests: Too many login attempts from this IP, please try again after a 60 second pause	POST	/login	http://localhost:4545
20230224	15:47:07	075fa274-f4f0-4971-acc3-cf40f5eadd3d	Too Many Requests: Too many login attempts from this IP, please try again after a 60 second pause	POST	/login	http://localhost:4545
20230224	15:47:07	d72dc97c-2fd3-4eac-992e-18c89f4930ac	Too Many Requests: Too many login attempts from this IP, please try again after a 60 second pause	POST	/login	http://localhost:4545
20230224	15:47:07	7b72b433-cdf9-4b68-bd47-8f7c3288f690	Too Many Requests: Too many login attempts from this IP, please try again after a 60 second pause	POST	/login	http://localhost:4545
20230224	15:47:07	1abb14b3-55e1-4e13-93f8-9624abc1d308	Too Many Requests: Too many login attempts from this IP, please try again after a 60 second pause	POST	/login	http://localhost:4545
20230224	15:47:07	83ee8f95-39fa-4be8-b296-16c1ba822b9a	Too Many Requests: Too many login attempts from this IP, please try again after a 60 second pause	POST	/login	http://localhost:4545
20230224	15:47:07	36455dbe-4945-460d-a709-2c7126fe667f	Too Many Requests: Too many login attempts from this IP, please try again after a 60 second pause	POST	/login	http://localhost:4545
20230224	15:47:07	58576437-44cc-4fb4-80fc-00c070857c9a	Too Many Requests: Too many login attempts from this IP, please try again after a 60 second pause	POST	/login	http://localhost:4545
20230224	15:47:07	b2633c74-79f7-49a7-920d-235438b942c8	Too Many Requests: Too many login attempts from this IP, please try again after a 60 second pause	POST	/login	http://localhost:4545
20230224	15:47:07	f5d1980e-2676-4a1b-94fd-b297c883742f	Too Many Requests: Too many login attempts from this IP, please try again after a 60 second pause	POST	/login	http://localhost:4545
20230224	15:47:07	c907db84-a211-43b0-b5c8-a5c104507370	Too Many Requests: Too many login attempts from this IP, please try again after a 60 second pause	POST	/login	http://localhost:4545
20230224	15:47:07	c1653400-684c-4176-ac80-a9b01d547783	Too Many Requests: Too many login attempts from this IP, please try again after a 60 second pause	POST	/login	http://localhost:4545
20230224	15:47:07	1bfe07f2-cc57-4ba6-b238-08f6af211a19	Too Many Requests: Too many login attempts from this IP, please try again after a 60 second pause	POST	/login	http://localhost:4545
20230224	15:47:07	5d8a0904-e5d6-4d57-bcc5-29ab1023562e	Too Many Requests: Too many login attempts from this IP, please try again after a 60 second pause	POST	/login	http://localhost:4545
20230224	15:47:07	f907e665-2e5d-4239-ba60-ea3a42654d85	Too Many Requests: Too many login attempts from this IP, please try again after a 60 second pause	POST	/login	http://localhost:4545
20230224	15:47:07	6fabeab1-6ea8-4c93-aba8-efcb088c9345	Too Many Requests: Too many login attempts from this IP, please try again after a 60 second pause	POST	/login	http://localhost:4545
20230224	15:47:07	0714d4df-498f-4849-b564-932de9d0e435	Too Many Requests: Too many login attempts from this IP, please try again after a 60 second pause	POST	/login	http://localhost:4545
20230224	15:47:08	7a38702d-8046-4e72-bb3e-6e70c59a0e60	Too Many Requests: Too many login attempts from this IP, please try again after a 60 second pause	POST	/login	http://localhost:4545
20230224	15:47:08	06ad9e1b-78c0-4db5-b558-3828dbc9cc8d	Too Many Requests: Too many login attempts from this IP, please try again after a 60 second pause	POST	/login	http://localhost:4545
20230224	15:47:08	36db9aa7-7eab-43ae-983f-b78f9845404e	Too Many Requests: Too many login attempts from this IP, please try again after a 60 second pause	POST	/login	http://localhost:4545
20230224	15:47:08	aad8db65-2a4d-4f26-a68e-612cfb445eb4	Too Many Requests: Too many login attempts from this IP, please try again after a 60 second pause	POST	/login	http://localhost:4545
20230224	15:47:08	2c05cc52-27c4-465e-a79f-62e4f8095735	Too Many Requests: Too many login attempts from this IP, please try again after a 60 second pause	POST	/login	http://localhost:4545
20230224	15:47:08	c73aa36d-7b0e-44e8-ba3d-88b920223def	Too Many Requests: Too many login attempts from this IP, please try again after a 60 second pause	POST	/login	http://localhost:4545
20230224	15:47:08	142a584a-fa1d-40e0-9854-0e96fbd5be39	Too Many Requests: Too many login attempts from this IP, please try again after a 60 second pause	POST	/login	http://localhost:4545
20230224	15:47:08	8ce74657-1625-4533-8c4d-90638ad7ef4a	Too Many Requests: Too many login attempts from this IP, please try again after a 60 second pause	POST	/login	http://localhost:4545
20230224	15:47:08	1570a83a-467c-42d0-a423-add0aa0bb2e3	Too Many Requests: Too many login attempts from this IP, please try again after a 60 second pause	POST	/login	http://localhost:4545
20230224	15:47:08	8e5f0ca4-d6c5-459c-a3e2-de83e9d02cb1	Too Many Requests: Too many login attempts from this IP, please try again after a 60 second pause	POST	/login	http://localhost:4545
20230224	15:47:08	1af986d4-4672-4fb2-abf3-9b8886c40457	Too Many Requests: Too many login attempts from this IP, please try again after a 60 second pause	POST	/login	http://localhost:4545
20230224	15:47:08	d5aaec05-3a66-4b44-ad93-88da90c38956	Too Many Requests: Too many login attempts from this IP, please try again after a 60 second pause	POST	/login	http://localhost:4545
20230224	15:47:08	fc083643-4bad-4c87-8117-52bbbfa3bc8b	Too Many Requests: Too many login attempts from this IP, please try again after a 60 second pause	POST	/login	http://localhost:4545
20230224	15:47:08	361cabbf-0081-4bb9-b780-661da32de60e	Too Many Requests: Too many login attempts from this IP, please try again after a 60 second pause	POST	/login	http://localhost:4545
20230224	15:47:08	3adaed0e-c1bd-4dd3-9a26-d1841354a021	Too Many Requests: Too many login attempts from this IP, please try again after a 60 second pause	POST	/login	http://localhost:4545
20230224	15:47:08	e95df6a6-780e-48e8-aec2-ed1ad29e4cda	Too Many Requests: Too many login attempts from this IP, please try again after a 60 second pause	POST	/login	http://localhost:4545
20230224	15:47:08	359f66b6-2fa8-4afb-85fe-7c10e0623466	Too Many Requests: Too many login attempts from this IP, please try again after a 60 second pause	POST	/login	http://localhost:4545
20230224	15:47:08	7396d9ee-7eab-4396-bdb2-4b7b75eaffb4	Too Many Requests: Too many login attempts from this IP, please try again after a 60 second pause	POST	/login	http://localhost:4545
20230224	15:47:08	fef0d98b-7877-40c9-81ac-316ba95b1301	Too Many Requests: Too many login attempts from this IP, please try again after a 60 second pause	POST	/login	http://localhost:4545
20230224	15:47:08	3760b339-69ca-49af-8e8b-9637042c1d98	Too Many Requests: Too many login attempts from this IP, please try again after a 60 second pause	POST	/login	http://localhost:4545
20230224	15:47:08	0fa12041-3a11-46ff-ae3e-3814df848f34	Too Many Requests: Too many login attempts from this IP, please try again after a 60 second pause	POST	/login	http://localhost:4545
20230224	15:47:08	4cc693d7-888d-405c-9091-68c46c6fd3f8	Too Many Requests: Too many login attempts from this IP, please try again after a 60 second pause	POST	/login	http://localhost:4545
20230224	15:47:08	20dab4a3-935c-4453-951d-6c44a2c5142f	Too Many Requests: Too many login attempts from this IP, please try again after a 60 second pause	POST	/login	http://localhost:4545
20230224	15:47:08	e46c5117-9e70-4f2c-9671-107d1f041896	Too Many Requests: Too many login attempts from this IP, please try again after a 60 second pause	POST	/login	http://localhost:4545
20230224	15:47:08	a94eb872-d28c-4d53-88f0-41266517026d	Too Many Requests: Too many login attempts from this IP, please try again after a 60 second pause	POST	/login	http://localhost:4545
20230224	15:47:08	bb63bc3a-b37a-4bad-a454-5893345ad7b6	Too Many Requests: Too many login attempts from this IP, please try again after a 60 second pause	POST	/login	http://localhost:4545
20230224	15:47:08	00f98ad9-4927-4d5f-901e-7f9e8bb9f548	Too Many Requests: Too many login attempts from this IP, please try again after a 60 second pause	POST	/login	http://localhost:4545
20230224	15:47:08	f7fdc8c4-ec8f-4340-94d0-b8f417c8335d	Too Many Requests: Too many login attempts from this IP, please try again after a 60 second pause	POST	/login	http://localhost:4545
20230224	15:47:08	836ea731-6698-41ef-a58e-71216c178723	Too Many Requests: Too many login attempts from this IP, please try again after a 60 second pause	POST	/login	http://localhost:4545
20230224	15:47:08	e416c7b2-2c0c-421f-ad18-0194af90b287	Too Many Requests: Too many login attempts from this IP, please try again after a 60 second pause	POST	/login	http://localhost:4545
20230224	15:47:08	0f8a6645-c30e-43c0-b1a1-ded9eedcc5ff	Too Many Requests: Too many login attempts from this IP, please try again after a 60 second pause	POST	/login	http://localhost:4545
20230224	15:47:08	1ca135a2-ed14-46d7-b661-60aec57d712f	Too Many Requests: Too many login attempts from this IP, please try again after a 60 second pause	POST	/login	http://localhost:4545
20230224	15:47:08	f1f8693b-b88f-4aa0-b8e7-6971cf3a6acb	Too Many Requests: Too many login attempts from this IP, please try again after a 60 second pause	POST	/login	http://localhost:4545
20230224	15:47:08	016d2835-8298-4d4a-936a-85be4d84cdc0	Too Many Requests: Too many login attempts from this IP, please try again after a 60 second pause	POST	/login	http://localhost:4545
20230224	15:47:08	d441b77a-8f0f-4a11-aef2-39e74c6d1c1d	Too Many Requests: Too many login attempts from this IP, please try again after a 60 second pause	POST	/login	http://localhost:4545
20230224	15:47:08	4549c0dc-62ba-4a22-b82b-f3cb213a49ed	Too Many Requests: Too many login attempts from this IP, please try again after a 60 second pause	POST	/login	http://localhost:4545
20230224	15:47:08	cb0e019e-c2e5-48a0-b7ae-80533c015553	Too Many Requests: Too many login attempts from this IP, please try again after a 60 second pause	POST	/login	http://localhost:4545
20230224	15:47:08	ccffe316-8e0d-4526-8770-30be3ea1a793	Too Many Requests: Too many login attempts from this IP, please try again after a 60 second pause	POST	/login	http://localhost:4545
20230224	15:47:08	fa8e765e-57bb-437a-a1ff-3b921e406951	Too Many Requests: Too many login attempts from this IP, please try again after a 60 second pause	POST	/login	http://localhost:4545
20230224	15:47:08	b03b847e-b804-4348-a610-e5c107056f90	Too Many Requests: Too many login attempts from this IP, please try again after a 60 second pause	POST	/login	http://localhost:4545
20230224	15:47:08	7b90c20a-8e9f-4f50-945c-430b0d758daf	Too Many Requests: Too many login attempts from this IP, please try again after a 60 second pause	POST	/login	http://localhost:4545
20230224	15:47:08	4c8b3aa7-3d06-4a29-b800-98d22258aacb	Too Many Requests: Too many login attempts from this IP, please try again after a 60 second pause	POST	/login	http://localhost:4545
20230224	15:47:08	fcd1fbdd-30db-4650-b3c9-535016569b20	Too Many Requests: Too many login attempts from this IP, please try again after a 60 second pause	POST	/login	http://localhost:4545
20230224	15:47:08	f38b3ec2-c713-453c-b37a-1190bf0f8976	Too Many Requests: Too many login attempts from this IP, please try again after a 60 second pause	POST	/login	http://localhost:4545
20230224	15:47:08	503eaad8-8892-4093-945a-168b26a0927d	Too Many Requests: Too many login attempts from this IP, please try again after a 60 second pause	POST	/login	http://localhost:4545
20230224	15:47:08	39cf8ffb-956c-4660-bb59-2e85831521eb	Too Many Requests: Too many login attempts from this IP, please try again after a 60 second pause	POST	/login	http://localhost:4545
20230224	15:47:08	7f0b1cc9-da3a-4f3e-bc1c-1d24331b5b6c	Too Many Requests: Too many login attempts from this IP, please try again after a 60 second pause	POST	/login	http://localhost:4545
20230224	15:47:08	f6cdf8a3-769f-4546-996c-9b740897ebe6	Too Many Requests: Too many login attempts from this IP, please try again after a 60 second pause	POST	/login	http://localhost:4545
20230224	15:47:08	ab84511a-1db8-4767-a4e7-8f993b8498cc	Too Many Requests: Too many login attempts from this IP, please try again after a 60 second pause	POST	/login	http://localhost:4545
20230224	15:47:08	a8cedbc9-7ea3-4736-a37b-86829a294ebc	Too Many Requests: Too many login attempts from this IP, please try again after a 60 second pause	POST	/login	http://localhost:4545
20230224	15:47:08	3b7ae842-f9c9-439d-995e-69f1447123d6	Too Many Requests: Too many login attempts from this IP, please try again after a 60 second pause	POST	/login	http://localhost:4545
20230224	15:47:08	4b029e62-0a94-4840-81fd-e02dbd28fb6a	Too Many Requests: Too many login attempts from this IP, please try again after a 60 second pause	POST	/login	http://localhost:4545
20230224	15:47:08	e18a19f7-abe7-4850-a3b0-a0473b42a499	Too Many Requests: Too many login attempts from this IP, please try again after a 60 second pause	POST	/login	http://localhost:4545
20230224	15:47:08	33a12adb-c71d-42c0-82e6-9d7e3ae5fc2b	Too Many Requests: Too many login attempts from this IP, please try again after a 60 second pause	POST	/login	http://localhost:4545
20230224	15:47:08	9235a201-1b08-4862-b81b-1f0a4cca1d47	Too Many Requests: Too many login attempts from this IP, please try again after a 60 second pause	POST	/login	http://localhost:4545
20230224	15:47:08	0d20aa77-b9c4-489c-bacc-f5c0e1bb9453	Too Many Requests: Too many login attempts from this IP, please try again after a 60 second pause	POST	/login	http://localhost:4545
20230224	15:47:08	3bad4b5a-5b79-4204-a2bf-c59d1290c75a	Too Many Requests: Too many login attempts from this IP, please try again after a 60 second pause	POST	/login	http://localhost:4545
20230224	15:47:08	060f890b-6b24-42b2-b626-621f0d1b8bf0	Too Many Requests: Too many login attempts from this IP, please try again after a 60 second pause	POST	/login	http://localhost:4545
20230224	15:47:08	5e50c9dd-af2d-4db6-b071-100fb2ce9c9b	Too Many Requests: Too many login attempts from this IP, please try again after a 60 second pause	POST	/login	http://localhost:4545
20230224	15:47:08	4f3b2517-85d6-4699-951f-380f296ad405	Too Many Requests: Too many login attempts from this IP, please try again after a 60 second pause	POST	/login	http://localhost:4545
20230224	15:47:08	8b3cea45-08f0-4f70-93e5-bd7835ca8aca	Too Many Requests: Too many login attempts from this IP, please try again after a 60 second pause	POST	/login	http://localhost:4545
20230224	15:47:08	99407212-2bbc-42a5-9beb-ed3bd4980a81	Too Many Requests: Too many login attempts from this IP, please try again after a 60 second pause	POST	/login	http://localhost:4545
20230224	15:47:08	a4eb30cd-1eef-43af-918a-835d4de1484d	Too Many Requests: Too many login attempts from this IP, please try again after a 60 second pause	POST	/login	http://localhost:4545
20230224	15:47:08	765399c2-fe8c-4118-a8cc-e0fb31cd6416	Too Many Requests: Too many login attempts from this IP, please try again after a 60 second pause	POST	/login	http://localhost:4545
20230224	15:47:08	4c4ebc54-d07f-4750-8076-33fbeaefea81	Too Many Requests: Too many login attempts from this IP, please try again after a 60 second pause	POST	/login	http://localhost:4545
20230224	15:47:08	873ff1dc-b0ad-4512-9106-98a796ef99b8	Too Many Requests: Too many login attempts from this IP, please try again after a 60 second pause	POST	/login	http://localhost:4545
20230224	15:47:08	f99f887b-95d4-4517-8e6e-7fd046ca7ce1	Too Many Requests: Too many login attempts from this IP, please try again after a 60 second pause	POST	/login	http://localhost:4545
20230224	15:47:08	506e4aa2-9a19-4550-886f-a3655dbf453a	Too Many Requests: Too many login attempts from this IP, please try again after a 60 second pause	POST	/login	http://localhost:4545
20230224	15:47:08	44a2ac23-dbe0-42ee-909f-9d9bba077aed	Too Many Requests: Too many login attempts from this IP, please try again after a 60 second pause	POST	/login	http://localhost:4545
20230224	15:47:08	a930974d-2e39-4a40-93a2-8d6edf8c2770	Too Many Requests: Too many login attempts from this IP, please try again after a 60 second pause	POST	/login	http://localhost:4545
20230224	15:47:08	4aed4e6d-5b41-4c18-805a-229fbbdd6349	Too Many Requests: Too many login attempts from this IP, please try again after a 60 second pause	POST	/login	http://localhost:4545
20230224	15:47:08	14f3023d-a5bb-41ba-9bda-4c954b63ebb6	Too Many Requests: Too many login attempts from this IP, please try again after a 60 second pause	POST	/login	http://localhost:4545
20230224	15:47:08	3209484c-176d-4619-8fc7-5f9331b6a620	Too Many Requests: Too many login attempts from this IP, please try again after a 60 second pause	POST	/login	http://localhost:4545
20230224	15:47:08	f0ab298a-a832-4a16-a8d2-b69c42b1b1b8	Too Many Requests: Too many login attempts from this IP, please try again after a 60 second pause	POST	/login	http://localhost:4545
20230224	15:47:08	84ed80cf-1795-4d98-abbe-0965611964c3	Too Many Requests: Too many login attempts from this IP, please try again after a 60 second pause	POST	/login	http://localhost:4545
20230224	15:47:08	ae19b00b-7c97-456d-8da9-362b86bb4d85	Too Many Requests: Too many login attempts from this IP, please try again after a 60 second pause	POST	/login	http://localhost:4545
20230224	15:47:08	136983b3-ee17-46b6-955b-cd64f78e313b	Too Many Requests: Too many login attempts from this IP, please try again after a 60 second pause	POST	/login	http://localhost:4545
20230224	15:47:08	21498912-7ce1-43b1-8f97-6fbcb4121aba	Too Many Requests: Too many login attempts from this IP, please try again after a 60 second pause	POST	/login	http://localhost:4545
20230224	15:47:08	98989b01-ac09-4429-afb3-c64c1ad67163	Too Many Requests: Too many login attempts from this IP, please try again after a 60 second pause	POST	/login	http://localhost:4545
20230224	15:47:09	a064b590-96a0-4132-8d34-053143a48962	Too Many Requests: Too many login attempts from this IP, please try again after a 60 second pause	POST	/login	http://localhost:4545
20230224	15:47:09	cf8a5d6e-d2d1-47e3-b772-a67673ccbd2c	Too Many Requests: Too many login attempts from this IP, please try again after a 60 second pause	POST	/login	http://localhost:4545
