20230128	10:38:57	3512b140-bfef-4f4d-96ee-1e449a44db88	OPTIONS	/api/v1/auth/login	http://localhost:4545
20230129	02:41:51	442acf45-1e9b-4bf6-9aa4-42272a666261	POST	/api/v1/auth/login	undefined
20230129	02:42:04	7bb2adad-5ac6-4bef-ba66-6735a5869f60	POST	/api/v1/auth/login	undefined
20230129	02:42:36	6db7e82f-7c57-4beb-bf42-34f6b6d886a1	POST	/api/v1/auth/login	undefined
20230129	02:43:34	e93282a1-d5c4-4df3-b3dd-c00b2f5b1d98	POST	/api/v1/auth/login	undefined
20230129	02:44:55	580ff88b-ba46-4556-bfd7-19f5034e502e	POST	/api/v1/auth/login	undefined
20230129	02:45:32	d7ff1b1a-473d-472e-8399-41d90eda3439	POST	/api/v1/auth/login	undefined
20230129	02:46:01	85ccf279-b224-4ad1-9a94-115347de2b3f	POST	/api/v1/auth/login	undefined
20230129	02:51:15	98fb0316-6baf-46cf-9cac-46ab440d9981	POST	/api/v1/auth/login	undefined
20230130	02:09:05	8a78dbf4-d9b6-48cc-b546-f0f94e1c709b	OPTIONS	/api/v1/auth//register	http://localhost:4545
20230130	02:09:19	f2ae9948-f2bd-4397-8862-2dfd32aa3541	POST	/api/v1/auth/login	undefined
20230130	02:09:42	2b42fdd0-5611-4570-ad6a-d981787ddab8	POST	/api/v1/auth/login	undefined
20230130	02:10:15	1e5fbfd0-c150-492e-a73f-d63b6d789bd7	GET	/api/v1/auth//register	undefined
20230130	02:10:15	a6bcadc5-6994-4eaf-aced-e92ea71690c2	GET	/api/v1/auth//css/style.css	undefined
20230130	02:10:15	205ff5a1-97bd-476a-ba4a-9b742f4034ee	GET	/favicon.ico	undefined
20230130	02:11:54	0a5444ee-0d76-449f-8a19-adb59316ebb8	OPTIONS	/api/v1/auth/register	http://localhost:4545
20230130	02:12:48	ee0a1181-8df2-4098-a084-9f538d90967b	POST	/api/v1/auth/login	undefined
20230130	02:21:06	c46c5c84-0695-412e-8d5e-8aa492fab4e3	OPTIONS	/api/v1/auth/register	http://localhost:4545
20230130	10:56:20	a44b39b0-9455-426d-923b-27b14bb376c8	GET	/api/v1/auth//css/style.css	undefined
20230204	03:41:32	484f6a2a-6c1d-49ec-a6c6-04adbf20f781	OPTIONS	/api/v1/auth/register	http://localhost:4545
20230204	03:41:32	eec6d5b8-6b2c-4f95-b71c-7392080f1d3a	POST	/api/v1/auth/register	http://localhost:4545
20230204	04:04:58	938d2e97-a969-4357-bc4e-9237e7bb9f4f	OPTIONS	/api/v1/auth/register	http://localhost:4545
20230204	04:04:58	386ab767-472b-4d98-ad8e-13a5bdfc7a1e	POST	/api/v1/auth/register	http://localhost:4545
20230204	04:46:40	4818b68c-b1a0-4cb4-9257-8f7ebee631a4	OPTIONS	/api/v1/auth/login	http://localhost:4545
20230204	04:46:40	4c850cc8-2bdb-412e-8439-a5c50c8f63ef	POST	/api/v1/auth/login	http://localhost:4545
20230204	04:54:28	dcd1d479-de19-4498-af1c-39a53b8bbf36	OPTIONS	/api/v1/auth/login	http://localhost:4545
20230204	04:54:28	59d34b32-b8d6-4f63-8ab5-df82fc4c49e3	POST	/api/v1/auth/login	http://localhost:4545
20230204	04:59:30	59f31a9d-cd6a-4d60-904f-0834c9258061	OPTIONS	/api/v1/auth/login	http://localhost:4545
20230204	04:59:30	cd7cfa34-fca0-447b-9d8f-dfefd1acbada	POST	/api/v1/auth/login	http://localhost:4545
20230204	05:02:04	a08b7df9-43b8-4ddd-aadb-2bacaad6342c	OPTIONS	/api/v1/auth/login	http://localhost:4545
20230204	05:02:04	ffd44351-dc84-417f-9712-a5eefd9ec56d	POST	/api/v1/auth/login	http://localhost:4545
20230204	13:38:40	8c577924-ff68-4d4b-9141-412e11c46435	OPTIONS	/api/v1/auth/login	http://localhost:4545
20230204	13:38:40	ad1b0e8b-1640-4f41-8d83-03f35d8a4f71	POST	/api/v1/auth/login	http://localhost:4545
20230204	13:44:27	a478afeb-fd26-42aa-92f8-0c738efe1836	OPTIONS	/api/v1/auth/login	http://localhost:4545
20230204	13:44:27	b938ba87-351d-496e-9952-578692ab1606	POST	/api/v1/auth/login	http://localhost:4545
20230204	13:48:39	43f03f14-2232-4d25-b712-e0a09087c7e9	OPTIONS	/api/v1/auth/login	http://localhost:4545
20230204	13:48:39	911367c8-98e2-4ff3-8196-2aacb730ba2c	POST	/api/v1/auth/login	http://localhost:4545
20230204	13:49:18	31fedd40-ccd2-4ef7-97d1-6cf5058c7164	OPTIONS	/api/v1/auth/login	http://localhost:4545
20230204	13:49:18	72357d92-421b-40e6-9c88-f5cd156a0c1d	POST	/api/v1/auth/login	http://localhost:4545
20230204	14:00:10	ed721c45-6994-4061-9d99-da2d69b0a254	OPTIONS	/api/v1/auth/login	http://localhost:4545
20230204	14:00:10	a2261161-33da-478c-a38c-12c0277bd9cb	POST	/api/v1/auth/login	http://localhost:4545
20230204	14:00:18	a6cc7e6e-bfbf-4c5a-8d36-aafa82ef7cca	OPTIONS	/api/v1/auth/login	http://localhost:4545
20230204	14:00:18	ceb2e095-be55-4e13-af08-512eee30c9b7	POST	/api/v1/auth/login	http://localhost:4545
20230205	01:21:51	f0a3b922-9e33-4deb-9e31-d7535f9f98fb	OPTIONS	/api/v1/auth/forgot-password	http://localhost:4545
20230205	01:21:51	51f33e84-0473-4306-b631-d9d666d4a187	POST	/api/v1/auth/forgot-password	http://localhost:4545
20230205	02:11:22	fc16806c-85a1-41f3-879a-22415d9fd0c5	OPTIONS	/api/v1/auth/login	http://localhost:4545
20230205	02:11:22	8e56fa66-14cf-42f6-a27d-576a008e8855	POST	/api/v1/auth/login	http://localhost:4545
20230205	02:12:23	b021902d-52b8-4ab2-aa46-137a0b00c41b	OPTIONS	/api/v1/auth/login	http://localhost:4545
20230205	02:12:23	4080f659-9470-483e-b639-235bac9aeb4e	POST	/api/v1/auth/login	http://localhost:4545
20230205	02:13:11	641358f4-439a-40d3-861a-9bdf0529cee7	OPTIONS	/api/v1/auth/login	http://localhost:4545
20230205	02:13:11	25542728-1aac-44e5-8d01-438648138a09	POST	/api/v1/auth/login	http://localhost:4545
20230205	02:21:26	6dbead9d-b2a8-47b5-b885-4712fb2c2cab	OPTIONS	/api/v1/auth/login	http://localhost:4545
20230205	02:21:26	211c0d84-9e62-496a-8052-ef8400fd42c2	POST	/api/v1/auth/login	http://localhost:4545
20230205	02:25:12	96f860ed-6592-4b7a-8d7e-e39fd445dcdf	OPTIONS	/api/v1/auth/login	http://localhost:4545
20230205	02:25:12	4a8d2e0b-8138-4502-b4a8-9ed112042658	POST	/api/v1/auth/login	http://localhost:4545
20230205	02:26:32	f7261403-2047-4949-a0c1-a5f6bf18dd2c	OPTIONS	/api/v1/auth/login	http://localhost:4545
20230205	02:26:32	1aade416-01d1-4160-af08-e31698e13601	POST	/api/v1/auth/login	http://localhost:4545
20230205	02:31:57	33d4475f-8715-4c50-8da5-9e157eea6320	OPTIONS	/api/v1/auth/login	http://localhost:4545
20230205	02:31:57	d08da384-ccbf-42b4-a01d-9b04f23632b6	POST	/api/v1/auth/login	http://localhost:4545
20230205	02:32:57	271c6726-1828-4c03-bb3c-583ed731c909	OPTIONS	/api/v1/auth/login	http://localhost:4545
20230205	02:32:57	5b790f21-613f-412d-872f-6339737967f7	POST	/api/v1/auth/login	http://localhost:4545
20230205	02:33:44	9ce653ed-b63e-4a49-90d9-0ff28f91e721	OPTIONS	/api/v1/auth/login	http://localhost:4545
20230205	02:33:44	ff380804-0df1-43ad-a3ed-8b172aecf639	POST	/api/v1/auth/login	http://localhost:4545
20230205	02:35:06	1d6913ce-6652-481b-85df-ba0928609c13	OPTIONS	/api/v1/auth/login	http://localhost:4545
20230205	02:35:06	9d787675-451b-429a-943d-29358352254d	POST	/api/v1/auth/login	http://localhost:4545
20230210	12:26:21	375ddbbe-9ac9-4fc0-b683-31b98b7ba1c6	OPTIONS	/api/v1/auth/login	http://localhost:4545
20230210	12:26:21	1f80e91e-d052-4d4c-ad31-4f2dd3fdb803	POST	/api/v1/auth/login	http://localhost:4545
20230210	12:26:34	c2f0f208-5a50-4917-bf84-5cb21cb202ac	OPTIONS	/api/v1/auth/login	http://localhost:4545
20230210	12:26:34	160aba41-ab95-4f2c-a44b-d437784af910	POST	/api/v1/auth/login	http://localhost:4545
20230210	12:27:31	ed8cf005-777d-4dc7-9a59-3447fa6f8a78	OPTIONS	/api/v1/auth/login	http://localhost:4545
20230210	12:27:31	3344804b-4196-4d28-b70b-0d2282419574	POST	/api/v1/auth/login	http://localhost:4545
20230210	14:14:37	ccae2541-3663-4caa-a791-8265d3bc0a2c	OPTIONS	/api/v1/auth/login	http://localhost:4545
20230210	14:14:37	47bc7d4f-6e54-4e63-a92a-d57d53d27c98	POST	/api/v1/auth/login	http://localhost:4545
20230210	14:22:56	8cfbdfec-4d06-45b3-acd8-b600b36c867c	OPTIONS	/api/v1/auth/login	http://localhost:4545
20230210	14:22:56	8daac8f8-fc6d-43e4-b520-101280078fc3	POST	/api/v1/auth/login	http://localhost:4545
20230210	14:29:16	bd4748b6-fd69-45de-97e8-fb799c4880b0	OPTIONS	/api/v1/auth/login	http://localhost:4545
20230210	14:29:16	248b1eb7-d492-4aeb-b8b2-3dd951a702c0	POST	/api/v1/auth/login	http://localhost:4545
20230210	14:37:02	9e8318c6-eb5f-4802-b383-12f5d9598caa	OPTIONS	/api/v1/auth/login	http://localhost:4545
20230210	14:37:02	53230ba1-b528-4ac8-baad-0c8da6d80ce2	POST	/api/v1/auth/login	http://localhost:4545
20230211	15:52:54	012d1591-dda5-4841-b48b-72af1955e123	GET	/auth/login	undefined
20230211	15:52:54	87e230a0-560e-4afe-a2ce-6a9ff0ef2d34	GET	/auth/css/style.css	undefined
20230211	15:52:54	0349c451-0f51-4cdf-ae46-1f00e1ef82c5	GET	/favicon.ico	undefined
20230212	00:34:16	e77dcda8-706c-425f-bf46-1130daa5c1be	OPTIONS	/api/v1/auth/login	http://localhost:4545
20230212	00:34:16	1022327c-ed46-4ac7-a7e2-d9eebe3442a0	POST	/api/v1/auth/login	http://localhost:4545
20230212	00:52:22	452cdd5b-38cd-4e04-9bc7-722e5f4df0a4	OPTIONS	/api/v1/auth/register	http://localhost:4545
20230212	00:52:22	4c0f244a-18ce-4dc0-89fe-01a4c5bd7fc5	POST	/api/v1/auth/register	http://localhost:4545
20230212	00:52:39	53362b79-5dee-4f0d-a888-fa82ab587110	OPTIONS	/api/v1/auth/login	http://localhost:4545
20230212	00:52:39	3e85de5c-be07-4a13-a4d0-5a32a6b5e3bb	POST	/api/v1/auth/login	http://localhost:4545
20230212	02:53:39	4f8dd972-9e94-49f2-95e6-2dc31c2feb88	OPTIONS	/api/v1/auth/login	http://localhost:4545
20230212	02:53:39	8604b47d-3e98-48b1-90ea-f484d542eb62	POST	/api/v1/auth/login	http://localhost:4545
20230212	03:14:50	f3426b38-fdeb-41fb-968d-d650fa448c90	OPTIONS	/api/v1/auth/login	http://localhost:4545
20230212	03:14:50	9af331b4-33b5-452e-8929-e39aa9199ccd	POST	/api/v1/auth/login	http://localhost:4545
20230212	08:56:10	3151a331-b26f-41f5-abc9-5c4c0f1b77c6	OPTIONS	/api/v1/auth/login	http://localhost:4545
20230212	08:56:10	76c5255b-8dc1-41a8-861e-a716adb7b3f0	POST	/api/v1/auth/login	http://localhost:4545
20230212	08:57:57	a8538e03-db54-42b0-a5d9-5f84418b41e9	OPTIONS	/api/v1/auth/login	http://localhost:4545
20230212	08:57:57	000d82c5-74a9-42d4-ac5a-f7a1306df222	POST	/api/v1/auth/login	http://localhost:4545
20230212	09:00:10	a434ce00-a161-4f6a-b928-42f3d6d672c3	OPTIONS	/api/v1/auth/login	http://localhost:4545
20230212	09:00:10	462ffa86-145a-4de0-b8f4-c8ebc7a69ab5	POST	/api/v1/auth/login	http://localhost:4545
20230212	09:00:20	c3f9126b-0181-4708-b5da-cee28043c2d7	OPTIONS	/api/v1/auth/login	http://localhost:4545
20230212	09:00:20	2ccce279-0b44-4950-a648-53995f615786	POST	/api/v1/auth/login	http://localhost:4545
20230212	09:00:40	e6f7ced1-9211-4ce8-a70a-da7d1e4d7f66	OPTIONS	/api/v1/auth/login	http://localhost:4545
20230212	09:00:40	5e8ee4d1-6e48-4b1e-99b6-139c41f1dd07	POST	/api/v1/auth/login	http://localhost:4545
20230212	09:00:43	e1eb5039-42c4-48f8-8942-c69339d8884c	POST	/api/v1/auth/login	http://localhost:4545
20230212	09:01:13	0ea3fe75-862c-49c2-9dce-fa9cb1c79c4e	OPTIONS	/api/v1/auth/login	http://localhost:4545
20230212	09:01:13	83208fca-e36d-405a-8166-eb5d7f18f08e	POST	/api/v1/auth/login	http://localhost:4545
20230212	09:06:57	8783a814-37fc-41ca-90f4-89ef765de0ae	OPTIONS	/api/v1/auth/login	http://localhost:4545
20230212	09:06:57	6f191ec7-0f74-4529-a354-d0a1e6cf7e5d	POST	/api/v1/auth/login	http://localhost:4545
20230212	09:07:34	11db6d3e-68cf-4b3b-9e7c-1dfa310e1266	OPTIONS	/api/v1/auth/login	http://localhost:4545
20230212	09:07:34	6ae0dc20-c3fe-431c-b871-6707bf72a894	POST	/api/v1/auth/login	http://localhost:4545
20230212	09:11:39	032d9ada-fa04-484e-8aef-061bd075a0ef	OPTIONS	/api/v1/auth/login	http://localhost:4545
20230212	09:11:39	0cb8d3b4-ce9b-42c0-be40-1038cba801f4	POST	/api/v1/auth/login	http://localhost:4545
20230212	09:14:10	3a5771f2-a792-46de-8e02-c4a14c976a9a	OPTIONS	/api/v1/auth/login	http://localhost:4545
20230212	09:14:10	46610799-f615-4bf2-969d-aadfd08e95c0	POST	/api/v1/auth/login	http://localhost:4545
20230212	09:16:08	cc5f29a0-0405-46a0-b7bc-df876efbba91	OPTIONS	/api/v1/auth/login	http://localhost:4545
20230212	09:16:08	8f5109bc-b596-4d27-99b0-d881e77c961d	POST	/api/v1/auth/login	http://localhost:4545
20230212	09:17:52	1c951f3e-9539-439e-ac53-15103f58f910	OPTIONS	/api/v1/auth/login	http://localhost:4545
20230212	09:17:52	76829d22-b37a-4240-b88c-8b0e53dc99fb	POST	/api/v1/auth/login	http://localhost:4545
20230212	09:40:41	666857fc-0b77-42f9-9784-b29f1e56b3e7	OPTIONS	/api/v1/auth/login	http://localhost:4545
20230212	09:40:41	46639f49-f82d-4506-819c-ad2dd3f485a8	POST	/api/v1/auth/login	http://localhost:4545
20230212	15:40:15	48fc8c95-d080-478d-882f-2af6cbbf6f9b	OPTIONS	/api/v1/auth/login	http://localhost:4545
20230212	15:40:15	5e654d7c-c9e2-4338-a7d5-d445d5303f5f	POST	/api/v1/auth/login	http://localhost:4545
20230212	15:41:49	d598c017-933a-4ece-be5e-21bac1386825	POST	/api/v1/auth/login	http://localhost:4545
20230212	15:41:49	8a8e799f-4059-48fb-a568-52c016b67830	OPTIONS	/api/v1/auth/login	http://localhost:4545
20230212	16:06:22	ce162540-6fde-458f-a6fc-d054719eb39f	OPTIONS	/api/v1/auth/login	http://localhost:4545
20230212	16:06:22	80e2aeb8-415a-4e3b-ad55-aef5704e0b3b	POST	/api/v1/auth/login	http://localhost:4545
20230212	16:07:55	3838b64f-c75c-4ed8-a6a8-5f6e07a1a5ab	OPTIONS	/api/v1/auth/login	http://localhost:4545
20230212	16:07:55	fca8bc1c-dbd0-403f-8301-d3dc5e6621f4	POST	/api/v1/auth/login	http://localhost:4545
20230212	16:09:11	eb5a1a1f-e66c-4063-9257-49e773b608c4	OPTIONS	/api/v1/auth/login	http://localhost:4545
20230212	16:09:11	8db5ccc1-133c-4427-87db-13d64633049a	POST	/api/v1/auth/login	http://localhost:4545
20230212	16:10:41	4d0ff49b-dc9f-4831-9bce-c40927699954	OPTIONS	/api/v1/auth/login	http://localhost:4545
20230212	16:10:41	7e7c5c54-7a9b-4d83-aa7c-bcec8e39cc40	POST	/api/v1/auth/login	http://localhost:4545
20230212	16:11:56	398c116a-be68-4cc3-b1f4-9650a1d11301	OPTIONS	/api/v1/auth/login	http://localhost:4545
20230212	16:11:56	7b30fffc-d943-4535-8658-3cffecd9509e	POST	/api/v1/auth/login	http://localhost:4545
20230212	17:36:42	a13eceb9-eca7-45f2-b357-dab43b2d342c	OPTIONS	/api/v1/auth/login	http://localhost:4545
20230212	17:36:42	2c650989-a3c4-4e95-9b62-835d97d5ba67	POST	/api/v1/auth/login	http://localhost:4545
20230212	19:43:21	6bfb144a-12fc-4ccb-aeba-483ebe90f9e7	OPTIONS	/api/v1/auth/login	http://localhost:4545
20230212	19:43:21	8953a785-b56d-4971-a261-a5ccb6a4ef30	POST	/api/v1/auth/login	http://localhost:4545
20230212	19:54:43	482f3da2-12a8-45b0-8ed8-57acc4668670	OPTIONS	/api/v1/auth/login	http://localhost:4545
20230212	19:54:43	5147bb88-9565-4d78-a982-17a7423cde4d	POST	/api/v1/auth/login	http://localhost:4545
20230212	19:55:18	ece40ad8-4112-4484-8f26-439b38c419ec	OPTIONS	/api/v1/auth/login	http://localhost:4545
20230212	19:55:18	bc274f28-d7e2-433f-8c91-fb7bd4a493b2	POST	/api/v1/auth/login	http://localhost:4545
20230212	19:55:20	da883608-e537-4441-a941-31783d38a310	POST	/api/v1/auth/login	http://localhost:4545
20230212	19:55:25	6e45d4db-ef04-4619-8164-1da9f5d48173	OPTIONS	/api/v1/auth/login	http://localhost:4545
20230212	19:55:25	5451bfeb-0c5e-4708-a62d-631fe1bf8fdc	POST	/api/v1/auth/login	http://localhost:4545
20230212	19:57:11	c74d2265-86e7-4033-b2b4-c550976798fd	OPTIONS	/api/v1/auth/login	http://localhost:4545
20230212	19:57:11	37dfceac-2d0e-4f70-a068-12533d0eb05d	POST	/api/v1/auth/login	http://localhost:4545
20230212	20:01:08	fb24036d-b398-4651-8af7-d365ce789dba	OPTIONS	/api/v1/auth/login	http://localhost:4545
20230212	20:01:08	29334978-cb35-4105-ab72-ee6f6a6d6aaf	POST	/api/v1/auth/login	http://localhost:4545
20230212	20:02:32	71136770-0068-48fa-8bf1-d848af0b2d30	OPTIONS	/api/v1/auth/login	http://localhost:4545
20230212	20:02:32	b760ad5d-a13a-4774-83eb-e83f04d853c6	POST	/api/v1/auth/login	http://localhost:4545
20230212	20:37:44	7174e6cc-91ee-4f78-afd2-d01a47c0f7e5	OPTIONS	/api/v1/auth/login	http://localhost:4545
20230212	20:37:44	a5bacdf2-3c97-4edf-8fa8-3b28a3ca52f5	POST	/api/v1/auth/login	http://localhost:4545
20230212	20:38:49	065ba40f-02d8-4700-886f-2f165e6c0281	OPTIONS	/api/v1/auth/login	http://localhost:4545
20230212	20:38:49	2d9f4652-960f-4ec0-b361-d857ab6e18d6	POST	/api/v1/auth/login	http://localhost:4545
20230213	14:11:41	cebc6918-da46-4ff9-9fa6-fc75b3664b0b	OPTIONS	/api/v1/auth/login	http://localhost:4545
20230213	14:11:41	c8bc0af0-bfc7-4b81-9853-c41e04c01d0e	POST	/api/v1/auth/login	http://localhost:4545
20230213	14:17:34	5948b866-af1f-4b72-a50c-b04b435f79f8	OPTIONS	/api/v1/auth/login	http://localhost:4545
20230213	14:17:34	bdf2b3dc-c103-4ed1-9379-a3c791c8be3e	POST	/api/v1/auth/login	http://localhost:4545
20230213	14:25:02	3963bdbb-efb0-4264-9508-4063027d2791	OPTIONS	/api/v1/auth/login	http://localhost:4545
20230213	14:25:02	a83fa665-297a-4b06-91cd-435956ffe774	POST	/api/v1/auth/login	http://localhost:4545
20230213	14:25:35	4cd34ab3-20f4-4aae-9bbc-707546d0f8ff	OPTIONS	/api/v1/auth/login	http://localhost:4545
20230213	14:25:35	3dfe09ea-3444-44e8-876b-565432d21d69	POST	/api/v1/auth/login	http://localhost:4545
20230213	14:30:46	a8825102-5aff-41f6-b0c4-d3613af379c1	OPTIONS	/api/v1/auth/login	http://localhost:4545
20230213	14:30:46	81ad7150-2b0d-4ce6-9639-5d7b2d4149c3	POST	/api/v1/auth/login	http://localhost:4545
20230213	15:03:39	4d3e057f-f07b-4b53-aa39-3a4f112fe625	OPTIONS	/api/v1/auth/login	http://localhost:4545
20230213	15:03:39	8fb90168-1f82-46a2-aceb-8fac4f7b2ecc	POST	/api/v1/auth/login	http://localhost:4545
20230213	15:17:00	9ecd0e35-71b2-4f95-b435-cf9cb627783f	OPTIONS	/api/v1/auth/login	http://localhost:4545
20230213	15:17:00	f73c3b92-7e6b-463a-bed7-b467f4f08029	POST	/api/v1/auth/login	http://localhost:4545
20230213	15:19:27	15f634ee-c010-4e4d-a223-4ce04d9025e1	OPTIONS	/api/v1/auth/login	http://localhost:4545
20230213	15:19:27	4b521495-cac1-41e2-a750-d528fe7aaada	POST	/api/v1/auth/login	http://localhost:4545
20230213	15:23:48	b06ed054-c6bb-43a3-a6fb-99454619129a	OPTIONS	/api/v1/auth/login	http://localhost:4545
20230213	15:23:48	0a7c3429-93c1-4599-99ca-36f62a316479	POST	/api/v1/auth/login	http://localhost:4545
20230213	15:24:28	7decbcfc-05e2-43a0-87fb-c5bb751481e7	OPTIONS	/api/v1/auth/login	http://localhost:4545
20230213	15:24:28	722e0223-5bfe-4b35-9a11-37458c92cb5e	POST	/api/v1/auth/login	http://localhost:4545
20230213	15:25:19	2aa5054d-dee8-47e5-9602-7dc72e73e89e	OPTIONS	/api/v1/auth/login	http://localhost:4545
20230213	15:25:19	8f50102d-cee2-4d31-aca6-c53caa33efdf	POST	/api/v1/auth/login	http://localhost:4545
20230213	15:27:10	551f8e0f-ace0-4b2a-a98b-755fb41bc5d7	OPTIONS	/api/v1/auth/login	http://localhost:4545
20230213	15:27:10	158c2a3e-01de-4efa-9b53-aa2c09b6ac9c	POST	/api/v1/auth/login	http://localhost:4545
20230213	15:33:07	f1e72b84-e35b-4e38-999c-28b4d63030bc	OPTIONS	/api/v1/auth/login	http://localhost:4545
20230213	15:33:07	fe8dd037-1735-4006-82e5-f419b4979fb9	POST	/api/v1/auth/login	http://localhost:4545
20230213	15:35:14	d2a46790-97fc-4d74-839a-0385c26dc154	OPTIONS	/api/v1/auth/login	http://localhost:4545
20230213	15:35:14	e38f4c14-218f-45c0-a3e6-5ad65d96be53	POST	/api/v1/auth/login	http://localhost:4545
20230213	15:56:45	6a527359-2cf7-4e08-8ddb-efaff04ff321	OPTIONS	/api/v1/auth/login	http://localhost:4545
20230213	15:56:45	14dc2fa3-2280-4d2c-b177-d900260c27dc	POST	/api/v1/auth/login	http://localhost:4545
20230213	16:00:16	3924fa8b-5fa8-450d-818e-479f18cb1979	OPTIONS	/api/v1/auth/login	http://localhost:4545
20230213	16:00:16	fe4f74a4-572a-4f00-921e-b2dbf5587723	POST	/api/v1/auth/login	http://localhost:4545
20230213	16:02:47	fee30df0-d13a-4aa3-9110-209757440b5b	OPTIONS	/api/v1/auth/login	http://localhost:4545
20230213	16:02:47	745cfc40-919b-41fe-8a6d-80abedfd22e1	POST	/api/v1/auth/login	http://localhost:4545
20230213	16:23:36	53ee13f2-aa8e-4ad0-b8df-90c666b6741d	OPTIONS	/api/v1/auth/login	http://localhost:4545
20230213	16:23:36	6c235a43-12ad-4ee8-b60e-7f18d3ace600	POST	/api/v1/auth/login	http://localhost:4545
20230213	16:25:22	c7685282-fb19-425c-987b-a6e3d63dbc9c	OPTIONS	/api/v1/auth/login	http://localhost:4545
20230213	16:25:22	1c72eec8-fd57-4009-b2a5-fbd17f358ef4	POST	/api/v1/auth/login	http://localhost:4545
20230213	23:36:35	9373b841-8aad-462d-8a49-7d29bbc58d23	OPTIONS	/api/v1/auth/login	http://localhost:4545
20230213	23:36:35	b6446faa-8649-4ed0-b1a9-5448bc2c0d12	POST	/api/v1/auth/login	http://localhost:4545
20230213	23:37:42	222622f9-74cf-4961-a2a4-9d5a04bb95a8	OPTIONS	/api/v1/auth/login	http://localhost:4545
20230213	23:37:42	9573ddcf-009a-4caf-b914-a6fb9916dd5f	POST	/api/v1/auth/login	http://localhost:4545
20230214	01:22:21	5944500b-311f-44c1-ba55-54b117676b1d	OPTIONS	/api/v1/auth/login	http://localhost:4545
20230214	01:22:21	9c41dc64-22ad-4774-9142-0cd7ae074753	POST	/api/v1/auth/login	http://localhost:4545
20230214	01:33:55	528ba3fb-7bb9-438d-9db0-08bb823e96c1	OPTIONS	/api/v1/auth/login	http://localhost:4545
20230214	01:33:55	29e582cf-f41c-45ba-8dd9-23140380b9ef	POST	/api/v1/auth/login	http://localhost:4545
20230214	01:39:06	5d288447-5810-44cf-8205-fe905fb52d26	OPTIONS	/api/v1/auth/login	http://localhost:4545
20230214	01:39:06	3536a9e9-49c4-4cad-a196-d88e49a91d47	POST	/api/v1/auth/login	http://localhost:4545
20230214	01:43:04	233cb8aa-fd23-4900-a8bd-fe80b1e5c5d7	OPTIONS	/api/v1/auth/login	http://localhost:4545
20230214	01:43:04	f5630f16-b1ad-4fe0-a2c6-e0ed2e555812	POST	/api/v1/auth/login	http://localhost:4545
20230214	01:44:28	32574ee2-ea97-4cc0-954a-f68624077f9d	OPTIONS	/api/v1/auth/login	http://localhost:4545
20230214	01:44:28	0b234fb3-5714-4c70-99d3-86cc64aaae22	POST	/api/v1/auth/login	http://localhost:4545
20230214	01:45:14	03f24ed5-0f25-4309-a3d5-16277657f2fa	OPTIONS	/api/v1/auth/login	http://localhost:4545
20230214	01:45:14	c8edff5c-fe77-47f8-9b02-89d0ce2cd97e	POST	/api/v1/auth/login	http://localhost:4545
20230214	16:59:48	5d6a94d4-4f64-469b-96a8-20791a60cc4d	GET	/api/v1/auth/products	http://localhost:3000
20230214	17:00:29	c2b9daa9-e565-4a63-8b9c-a88c94527eec	GET	/api/v1/auth/products	http://localhost:3000
20230214	17:00:39	e24d97e8-92ba-4d89-9e82-db390d4e0878	GET	/api/v1/auth/products	http://localhost:3000
20230214	17:00:39	8ddbed4c-2bfe-4a45-acfd-4ae261dbb835	GET	/api/v1/auth/products	http://localhost:3000
20230214	17:01:09	a84de114-4848-4ce4-9bd7-567753024be3	GET	/api/v1/auth/products	http://localhost:3000
20230214	17:01:37	728d6b61-3e70-4946-bcca-8cc7bad04ba0	OPTIONS	/api/v1/auth/login	http://localhost:3000
20230214	17:01:37	1f79d8cd-7168-4bd3-b0dd-840061b855fe	POST	/api/v1/auth/login	http://localhost:3000
20230214	17:02:10	bf513e97-82a4-4989-a310-6aaf8458d833	GET	/api/v1/auth/products	http://localhost:3000
20230214	17:02:17	f2011a08-dad4-44b9-a38a-ad58d8597b95	OPTIONS	/api/v1/auth/login	http://localhost:3000
20230214	17:02:17	0a54e0a1-7be8-4765-aadd-9604d9f3f203	POST	/api/v1/auth/login	http://localhost:3000
20230214	17:02:33	459224fa-d138-443d-be8a-03be5aa1872f	GET	/api/v1/auth/products	http://localhost:3000
20230214	17:02:35	0fca1cc9-1dd5-4ae6-96ca-135eccc9373c	GET	/api/v1/auth/products	http://localhost:3000
20230214	17:12:22	990c435f-a69b-4591-938d-87045040fdfe	GET	/api/v1/auth/products	http://localhost:3000
20230214	17:12:28	5d6f6c5c-e52b-4966-9459-19a1285477f7	GET	/api/v1/auth/products	http://localhost:3000
20230214	17:14:43	b8c2788a-ff27-4101-acf9-a5155375df15	GET	/api/v1/auth/products	http://localhost:3000
20230214	17:14:45	e8e33747-b6dd-4d84-ba26-6752b9a75070	GET	/api/v1/auth/products	http://localhost:3000
20230214	17:20:30	79b70a90-b914-4ae5-8fc2-acf57e519b33	GET	/api/v1/auth/products	http://localhost:3000
20230214	17:21:15	4f08425c-976f-48ee-a55c-c93dd7cde2dc	GET	/api/v1/auth/products	http://localhost:3000
20230214	17:22:59	b971fd73-2cb2-42ed-ba96-e036da5b46ba	GET	/api/v1/auth/products	http://localhost:3000
20230214	17:28:06	27505fbf-2001-4b0b-a4f9-3ce2d8646296	OPTIONS	/api/v1/auth/login	http://localhost:3000
20230214	17:28:06	7435f4d8-0de7-4495-8373-1166a68ed009	POST	/api/v1/auth/login	http://localhost:3000
20230214	17:33:32	65a50cb6-ff94-4bcc-9814-6c53adcf6a45	OPTIONS	/api/v1/auth/login	http://localhost:3000
20230214	17:33:32	1c1468b4-a8e3-47b2-b90c-44ee6685c790	POST	/api/v1/auth/login	http://localhost:3000
20230215	02:44:00	65b6653a-2a81-4c0c-9a50-f2ca9a0a9071	OPTIONS	/api/v1/auth/login	http://localhost:3000
20230215	02:44:00	a9ee06ae-70b0-433d-8561-5ac5004599e5	POST	/api/v1/auth/login	http://localhost:3000
20230215	02:44:47	33d83d6a-09b2-4dca-b829-55bc7b891ed8	OPTIONS	/api/v1/auth/login	http://localhost:3000
20230215	02:44:47	fd3b660d-366c-490c-891b-165fee04a704	POST	/api/v1/auth/login	http://localhost:3000
20230215	02:48:43	0355c788-377e-4130-8bab-9baae76f4c5a	OPTIONS	/api/v1/auth/login	http://localhost:3000
20230215	02:48:43	c49449b4-4bfd-4c63-9bfd-914d96417b81	POST	/api/v1/auth/login	http://localhost:3000
20230215	02:48:54	c061d102-6dc7-4ecd-bc1f-0adf99e136f3	OPTIONS	/api/v1/auth/login	http://localhost:3000
20230215	02:48:54	12180aeb-8b74-444d-afe5-c449085d021e	POST	/api/v1/auth/login	http://localhost:3000
20230215	02:49:45	200801ae-0547-417b-988e-ee658f49754c	OPTIONS	/api/v1/auth/login	http://localhost:3000
20230215	02:49:45	8b823109-0593-422f-9a24-ea318898798b	POST	/api/v1/auth/login	http://localhost:3000
20230215	11:20:23	ef9dbe20-c648-46fe-8c34-24eb3a739544	OPTIONS	/api/v1/auth/login	http://localhost:3000
20230215	11:20:23	ac448ed7-1866-4db5-8c05-f423e89bd9a9	POST	/api/v1/auth/login	http://localhost:3000
20230215	11:20:51	81b2b072-7c8c-4d06-aaba-76029f25550c	OPTIONS	/api/v1/auth/login	http://localhost:3000
20230215	11:20:51	a8d35274-9e96-446e-91ee-3aa1f9e306bc	POST	/api/v1/auth/login	http://localhost:3000
20230215	11:24:45	4fdc1200-ae4c-4979-9d4b-87545074f5ec	OPTIONS	/api/v1/auth/login	http://localhost:3000
20230215	11:24:45	b995c494-0475-4251-815a-e06612c08163	POST	/api/v1/auth/login	http://localhost:3000
20230215	11:34:15	543c8f97-0db1-4b64-b5fa-e1973893acb9	OPTIONS	/api/v1/auth/login	http://localhost:3000
20230215	11:34:15	f86947b6-a978-4b8e-b091-421928aea51f	POST	/api/v1/auth/login	http://localhost:3000
20230215	11:34:29	51b45541-2b43-465d-b714-0e8deddc3d09	OPTIONS	/api/v1/auth/login	http://localhost:3000
20230215	11:34:29	6434cfa4-552b-4b34-847a-ffbbffb01a88	POST	/api/v1/auth/login	http://localhost:3000
20230215	11:53:10	ecc13fa4-28c7-437b-aa73-0a43df3559fe	OPTIONS	/api/v1/auth/login	http://localhost:3000
20230215	11:53:10	3989a1c8-eeb9-4dee-b928-585561656bac	POST	/api/v1/auth/login	http://localhost:3000
20230215	12:30:08	5ab5fdc5-7a77-48f7-b9ed-0e2da7a80870	OPTIONS	/api/v1/auth/login	http://localhost:3000
20230215	12:30:08	ca2e665c-862b-4d32-b340-8af810e40b97	POST	/api/v1/auth/login	http://localhost:3000
20230215	12:30:51	e8633b56-4f73-4f7f-99ef-430b8c275205	OPTIONS	/api/v1/auth/login	http://localhost:3000
20230215	12:30:51	e9f24b4f-76e9-4a63-88b1-66ec90163d7b	POST	/api/v1/auth/login	http://localhost:3000
20230215	12:31:42	f40681d9-e64d-4fd0-9dd0-22d7505536e4	OPTIONS	/api/v1/auth/login	http://localhost:3000
20230215	12:31:42	c8b0445d-9349-4002-9d07-13172d197f85	POST	/api/v1/auth/login	http://localhost:3000
20230215	12:32:00	29974192-c662-4394-b779-dd76f842eb83	OPTIONS	/api/v1/auth/login	http://localhost:3000
20230215	12:32:00	e5a3b235-fa05-46cb-8103-469b98a08f79	POST	/api/v1/auth/login	http://localhost:3000
20230215	12:35:20	85f745ce-9cef-4ea4-939a-027b83456db3	OPTIONS	/api/v1/auth/login	http://localhost:3000
20230215	12:35:20	1382c775-e777-47ce-b2a3-f80893a7ee3b	POST	/api/v1/auth/login	http://localhost:3000
20230215	12:36:31	2bd65bf5-6006-4be7-9060-35803487bf1b	OPTIONS	/api/v1/auth/login	http://localhost:3000
20230215	12:36:31	dc518f40-1c61-4a89-97f8-93676e5d7766	POST	/api/v1/auth/login	http://localhost:3000
20230215	12:47:32	982d457b-dfc1-4685-9f07-3406c3702c11	OPTIONS	/api/v1/auth/login	http://localhost:3000
20230215	12:47:32	f2cdf597-d998-423d-b414-6415cd57f3cd	POST	/api/v1/auth/login	http://localhost:3000
20230215	12:56:46	ce0fc7db-aa9d-4841-82b8-4daa081d2dd0	OPTIONS	/api/v1/auth/login	http://localhost:3000
20230215	12:56:46	3e188b0d-4ee5-4df7-9eb9-fe1a0e33c1ab	POST	/api/v1/auth/login	http://localhost:3000
20230215	12:59:04	f4e38144-b6f2-469f-9d58-af76b21f96ba	OPTIONS	/api/v1/auth/login	http://localhost:3000
20230215	12:59:04	aad4dabf-d952-4023-bd0a-aae90ab6bbea	POST	/api/v1/auth/login	http://localhost:3000
20230215	13:13:57	e3d72105-3a7f-4ee2-b558-9bc50f03c0a4	OPTIONS	/api/v1/auth/login	http://localhost:3000
20230215	13:13:57	1617b820-f793-4488-aa22-0bb3b2e45921	POST	/api/v1/auth/login	http://localhost:3000
20230215	13:29:59	c282893c-9fdb-4817-857c-cbf5220df1a4	OPTIONS	/api/v1/auth/login	http://localhost:3000
20230215	13:29:59	9d378d79-ca80-4526-8fd0-ef0dc4aff77f	POST	/api/v1/auth/login	http://localhost:3000
20230215	13:32:00	2d3d2d90-64f9-4956-941f-acda785b521e	OPTIONS	/api/v1/auth/login	http://localhost:3000
20230215	13:32:00	97001b3e-e3b0-4748-ac22-ba20ff43826e	POST	/api/v1/auth/login	http://localhost:3000
20230215	13:32:17	1dea72d4-85bc-4621-9331-8a726af4fec1	OPTIONS	/api/v1/auth/login	http://localhost:3000
20230215	13:32:17	9d1a5d4b-175a-4b95-b37c-a9a5214824a0	POST	/api/v1/auth/login	http://localhost:3000
20230219	01:45:55	74a6fa3a-bb2c-4a0f-8bab-7f0b7904997f	OPTIONS	/api/v1/auth/login	http://localhost:4545
20230219	01:59:00	344807eb-7cc4-424f-bae7-7a0a9e837c02	OPTIONS	/api/v1/auth/login	http://localhost:4545
20230219	02:05:52	eeeab781-b881-4d98-9647-cfafd4ec14a0	OPTIONS	/api/v1/auth/login	http://localhost:4545
20230219	02:11:36	eebf6924-db2e-4fbe-b145-f5122ea3182e	POST	/api/v1/auth/login	http://localhost:4545
20230219	02:11:47	ad377b2c-2c72-435e-99c2-48ba0204fcad	POST	/api/v1/auth/login	http://localhost:4545
20230219	02:12:41	a236f8fe-839b-451e-8a10-8f8753097a88	POST	/api/v1/auth/login	http://localhost:4545
20230219	02:13:54	fc8a2fac-0f9e-4bec-9ab4-0f10b8de18fc	POST	/api/v1/auth/login	http://localhost:4545
20230219	02:15:46	dcdd79e1-cf2a-44c5-a77c-21ca94b8549a	POST	/api/v1/auth/login	http://localhost:4545
20230219	02:17:51	513dbb5c-44d2-4382-abc0-0cdc5078c3c7	POST	/api/v1/auth/login	http://localhost:4545
20230219	02:35:36	81fa8300-9a5a-4de0-a71f-93786b89860e	POST	/api/v1/auth/login	http://localhost:4545
20230219	02:48:37	25901979-91c3-47b0-b43e-a702ccf0a8ac	POST	/api/v1/auth/login	http://localhost:4545
20230219	02:50:23	6c7cb532-b44a-4698-a4f3-5fd1f3dfa77e	POST	/api/v1/auth/login	http://localhost:4545
20230219	02:50:40	3c9098b0-825c-4506-84bc-9489b0fe19e5	POST	/api/v1/auth/login	http://localhost:4545
20230219	02:50:57	c34a4492-8421-47d7-99b0-48d5ca4c6613	POST	/api/v1/auth/login	http://localhost:4545
20230219	02:54:07	241cb232-2042-46f7-95f6-c4859c891825	POST	/api/v1/auth/login	http://localhost:4545
20230219	02:55:39	7c8f5d12-39aa-41e9-a74e-cca6b54f75a5	POST	/api/v1/auth/login	http://localhost:4545
20230219	03:00:49	409f65eb-2eb6-49a7-91fe-4db1f97b572b	POST	/api/v1/auth/login	http://localhost:4545
20230219	03:02:13	c714a7c6-3eba-4dfd-bc9f-cb9db1a79eee	POST	/api/v1/auth/login	http://localhost:4545
20230219	03:02:25	6cb7c69c-87a0-4020-8ebf-f64b4bc4cd5e	POST	/api/v1/auth/login	http://localhost:4545
20230219	03:02:36	8db6eacf-7d3a-4358-a82c-1ef4662b6991	POST	/api/v1/auth/login	http://localhost:4545
20230219	03:08:55	abe8df9b-0ada-477f-989c-77e5155ae919	POST	/api/v1/auth/login	http://localhost:4545
20230219	03:09:14	1e2b468c-8c3d-4c77-a671-d47b9c795cdd	POST	/api/v1/auth/login	http://localhost:4545
20230219	10:10:02	fe0012b8-c94a-4b38-8ec6-ed663e898f35	POST	/api/v1/auth/login	http://localhost:4545
20230219	10:10:45	59f7ddd2-f1f4-4504-8474-39c4c6cf39d7	POST	/api/v1/auth/login	http://localhost:4545
20230219	10:15:57	4ce43bbe-62b1-435f-92d7-981dcc87b7ac	POST	/api/v1/auth/login	http://localhost:4545
20230219	10:16:37	39a0846e-d242-46b9-9db3-1a62c3cc632b	POST	/api/v1/auth/login	http://localhost:4545
20230219	10:51:12	2edc8ecc-e2c1-4b18-8af3-c9f7beae3b3d	POST	/api/v1/auth/register	http://localhost:4545
20230219	10:56:16	0900890f-9b12-4bf0-b27b-b5607b01c5aa	POST	/api/v1/auth/register	http://localhost:4545
20230219	11:02:10	cb3aed5a-449a-46fc-83d0-57a6407a85ef	POST	/api/v1/auth/register	http://localhost:4545
20230219	11:02:28	0e606dea-7d26-4db6-8436-05152bc59209	POST	/api/v1/auth/register	http://localhost:4545
20230219	11:02:45	22bcb575-b7af-4ada-8368-819101abff27	POST	/api/v1/auth/login	http://localhost:4545
20230220	12:47:16	10e62d24-871f-4618-936e-b0918489dac4	POST	/api/v1/auth/forgot-password	http://localhost:4545
20230220	12:47:29	f743a02d-c756-422b-be55-2f6304cdd246	POST	/api/v1/auth/forgot-password	http://localhost:4545
20230220	12:48:46	3c0c313c-566f-49af-98de-f6ed2a3021e5	POST	/api/v1/auth/forgot-password	http://localhost:4545
20230220	12:48:57	b885965c-9493-4167-b676-e54a45bbd24e	POST	/api/v1/auth/forgot-password	http://localhost:4545
20230220	12:50:22	0d2ff0d9-f557-46c8-9210-5a451e0abefa	POST	/api/v1/auth/register	http://localhost:4545
20230220	12:50:58	bc78c155-f9e3-4f48-a592-b2a6de6ac2e0	POST	/api/v1/auth/forgot-password	http://localhost:4545
20230220	12:55:01	4d4ef98e-6932-4c08-91c6-5feec13e6b61	POST	/api/v1/auth/forgot-password	http://localhost:4545
20230220	12:55:27	ea980c0d-c9d2-428e-9659-1e78c61389e5	POST	/api/v1/auth/forgot-password	http://localhost:4545
20230220	12:55:47	c334b7c0-d348-4daf-93cc-86605add6197	POST	/api/v1/auth/forgot-password	http://localhost:4545
20230220	12:57:53	afee7200-cd3f-4698-9e81-d66c67c4c564	POST	/api/v1/auth/forgot-password	http://localhost:4545
20230220	20:03:59	7f089839-0288-454b-8bdb-edf69288dd9e	POST	/api/v1/auth/forgot-password	http://localhost:4545
20230220	20:05:38	b7b6af08-c0f1-4b70-b392-e6bd32381b99	POST	/api/v1/auth/forgot-password	http://localhost:4545
20230220	21:06:30	b9c43193-808d-4f3f-a13e-cd0f6c1c5b73	POST	/api/v1/auth/forgot-password	http://localhost:4545
20230220	21:27:01	b154c72c-8391-475e-8f49-069a3a25bf3c	POST	/api/v1/auth/forgot-password	http://localhost:4545
20230220	22:03:15	6633e5a2-5b45-4666-a214-9d5634a88d59	POST	/api/v1/auth/forgot-password	http://localhost:4545
20230220	22:39:12	92f7324d-7123-40f5-92fd-1b37326d4e18	POST	/api/v1/auth/forgot-password	http://localhost:4545
20230220	22:39:16	d540e96b-7e0b-4dec-8a1f-21d7455fca0d	POST	/api/v1/auth/forgot-password	http://localhost:4545
20230220	22:44:50	7253e85a-e8d4-4dd4-98a0-79ea16dd2905	POST	/api/v1/auth/forgot-password	http://localhost:4545
20230220	22:49:48	406ee74c-b99a-430a-9731-7e5f97a5051c	POST	/api/v1/auth/forgot-password	http://localhost:4545
20230220	22:53:08	7c449cb0-8a5d-45fc-8853-e5a2cdc15b3a	POST	/api/v1/auth/forgot-password	http://localhost:4545
20230220	22:54:09	47aa6b69-70c5-4c00-8138-2c2d8d5fde07	POST	/api/v1/auth/forgot-password	http://localhost:4545
20230220	22:55:18	79c9dd29-0683-4f71-80a2-c5622fea0119	POST	/api/v1/auth/forgot-password	http://localhost:4545
20230220	22:57:12	9e98b6c4-472f-4c8b-91fc-465504bc1292	POST	/api/v1/auth/forgot-password	http://localhost:4545
20230220	22:58:13	46d76010-9fbc-4fd3-b242-9f252e408320	POST	/api/v1/auth/forgot-password	http://localhost:4545
20230220	23:35:11	ead6d374-5feb-4a3e-b008-c4710d0f4b26	POST	/api/v1/auth/register	http://localhost:4545
20230220	23:37:21	2adb3050-5072-4831-b6cd-cd8d4483c891	POST	/api/v1/auth/register	http://localhost:4545
20230220	23:42:50	09c67c72-a9cd-4da5-9b2f-43176fe59f7f	POST	/api/v1/auth/auth/register	http://localhost:4545
20230221	00:05:02	e7cbface-0a2d-4186-ae46-bdc089bdef48	POST	/api/v1/auth/register	http://localhost:4545
20230221	00:11:06	4d88fe89-482b-4ab3-b1da-77d8f8b87681	POST	/api/v1/auth/register	http://localhost:4545
20230221	00:17:44	9e8bee39-2674-47a4-909f-35acf01bcdf4	POST	/api/v1/auth/register	http://localhost:4545
20230221	02:14:08	4cba8212-e84c-4fa1-ad4e-9e0eb009b020	POST	/api/v1/auth/forgot-password	http://localhost:4545
20230221	15:43:11	b9a99c20-052c-44ed-8f5f-614764619d67	POST	/api/v1/auth/forgot-password	http://localhost:4545
20230221	16:05:45	b056cee5-fd72-4906-9172-ed39dfaf10af	POST	/api/v1/authreset-password	http://localhost:4545
20230221	16:06:26	d45a14cf-304d-4bee-9b88-36501fbe8205	POST	/api/v1/auth/reset-password	http://localhost:4545
20230221	16:06:58	44eec029-213d-4e82-8016-f81f22affb67	POST	/api/v1/auth/reset-password	http://localhost:4545
20230221	16:07:29	fd31d24b-a601-401d-8822-91c18e191b63	POST	/api/v1/auth/reset-password	http://localhost:4545
20230221	16:11:06	40e1bb14-9445-4376-893e-691c0ac21594	POST	/api/v1/auth/reset-password	http://localhost:4545
20230221	16:11:26	0be7ab6a-edcf-497a-8c2a-842587f944d5	POST	/api/v1/auth/reset-password	http://localhost:4545
20230221	16:12:16	d1f5247f-529f-4d2b-b316-3bd0e2eab5a7	POST	/api/v1/auth/reset-password	http://localhost:4545
20230221	16:13:27	fdb2c901-d75e-4dd1-bac7-88c6d2be73ee	POST	/api/v1/auth/reset-password	http://localhost:4545
20230221	16:14:14	90858755-8b92-4bce-8b6f-d845b66c0597	POST	/api/v1/auth/reset-password	http://localhost:4545
20230221	16:15:29	1480c2e8-e379-42f1-b482-b3739ce1bcb2	POST	/api/v1/auth/reset-password	http://localhost:4545
20230221	16:16:14	bec9b670-796c-404d-9248-5ee6ed68c31a	POST	/api/v1/auth/reset-password	http://localhost:4545
20230221	16:16:23	6879b542-ebef-45bb-8a2f-1285792d5c55	POST	/api/v1/auth/reset-password	http://localhost:4545
20230221	16:16:35	926bb0bd-45b6-47bd-9109-3d2d407aa99d	POST	/api/v1/auth/reset-password	http://localhost:4545
20230221	16:17:34	474f2a1a-c255-4aed-a789-978714ccae00	POST	/api/v1/auth/reset-password	http://localhost:4545
20230221	16:20:05	64cdb002-0f6b-445a-a4c2-d4676865d6de	POST	/api/v1/auth/reset-password	http://localhost:4545
20230221	16:21:19	a7b45a43-20c3-483e-b091-fb9b5850b8f1	POST	/api/v1/auth/reset-password	http://localhost:4545
20230223	21:53:02	eaf58639-6d93-42e6-807a-f5cd5f795c2b	POST	/api/v1/auth/login	http://localhost:4545
20230223	21:54:37	18f06f73-5dd9-47d3-bf87-6abb297d3c46	POST	/api/v1/auth/forgot-password	http://localhost:4545
20230223	21:56:52	70680a38-a57b-4c03-aaef-cf10874a6c5e	POST	/api/v1/auth/reset-password	http://localhost:4545
20230224	15:46:28	4cd156d6-ab55-4b48-9ac3-2d09a37d0cc3	POST	/api/v1/auth/login	http://localhost:4545
20230224	15:46:28	d29fd2ae-ffbb-4b0c-8519-3dc8ce2a65dd	POST	/api/v1/auth/login	http://localhost:4545
20230224	15:46:28	93242acd-21f5-4ce9-9017-bacb65e8179a	POST	/api/v1/auth/login	http://localhost:4545
20230224	15:46:28	8243b648-0d5b-470b-ac4f-91df7a246c15	POST	/api/v1/auth/login	http://localhost:4545
20230224	15:46:28	ed293ce2-5c0b-48c3-8d26-99121665ffb7	POST	/api/v1/auth/login	http://localhost:4545
20230224	15:46:28	bdb09efc-bf3c-4f49-b025-13b7ef9126a2	POST	/api/v1/auth/login	http://localhost:4545
20230224	15:46:28	b7e76173-e69c-4de0-aba5-5da5b5264bea	POST	/api/v1/auth/login	http://localhost:4545
20230224	15:46:28	c721fa7a-7ee2-4b4c-bf70-371d3dcd2efd	POST	/api/v1/auth/login	http://localhost:4545
20230224	15:46:28	e9f5de56-f9ba-40b3-97e0-0d293b5d5e25	POST	/api/v1/auth/login	http://localhost:4545
20230224	15:46:28	590f1560-e409-48fb-9f8e-86d51ee871f4	POST	/api/v1/auth/login	http://localhost:4545
20230224	15:46:28	88b0e6d9-2e0f-4708-a1a7-ca4c0cd2d169	POST	/api/v1/auth/login	http://localhost:4545
20230224	15:46:28	7942350d-993a-45e2-a74c-fe3a50420fc5	POST	/api/v1/auth/login	http://localhost:4545
20230224	15:46:29	9b62b900-e3c2-411d-85b1-71cfc0dfe789	POST	/api/v1/auth/login	http://localhost:4545
20230224	15:46:29	4c7b22f0-46bc-48e7-9b6b-9fb92835fd1d	POST	/api/v1/auth/login	http://localhost:4545
20230224	15:46:29	53334643-e9bc-410c-acf6-176d45255e37	POST	/api/v1/auth/login	http://localhost:4545
20230224	15:46:29	e0b5baa4-a785-440d-b2ab-c71d6ffd3230	POST	/api/v1/auth/login	http://localhost:4545
20230224	15:46:29	e31b464f-b054-427f-b9bf-8d7dfb6feab5	POST	/api/v1/auth/login	http://localhost:4545
20230224	15:46:29	dfe877ed-9a5d-40f1-ae5d-9f0a5840101d	POST	/api/v1/auth/login	http://localhost:4545
20230224	15:46:29	e845b459-8427-4d25-bc65-b1dc070de14f	POST	/api/v1/auth/login	http://localhost:4545
20230224	15:46:29	384fcf90-d47e-42dc-95aa-aed8f74749e1	POST	/api/v1/auth/login	http://localhost:4545
20230224	15:46:29	0e2072da-46b2-4654-bbf9-175989902c4b	POST	/api/v1/auth/login	http://localhost:4545
20230224	15:46:29	b8a280a8-4eba-4061-95b1-55aeeed98127	POST	/api/v1/auth/login	http://localhost:4545
20230224	15:46:29	8a817542-e1f6-41d7-8e79-8a21528039e0	POST	/api/v1/auth/login	http://localhost:4545
20230224	15:46:29	23e720db-0966-40ad-b958-05666b2a27a0	POST	/api/v1/auth/login	http://localhost:4545
20230224	15:46:29	2f98c9d4-f333-49e6-af4d-ee83c0b12dcf	POST	/api/v1/auth/login	http://localhost:4545
20230224	15:46:29	ffb7fb21-920d-4de9-949e-30a791e7ca3d	POST	/api/v1/auth/login	http://localhost:4545
20230224	15:46:29	119b2ebe-ed50-4e21-8b70-0b9392900805	POST	/api/v1/auth/login	http://localhost:4545
20230224	15:46:29	69cbd377-e9ad-4dcc-a087-1dab37a15a71	POST	/api/v1/auth/login	http://localhost:4545
20230224	15:46:29	3ab76c1a-8fca-435e-991a-7bbdde76d12e	POST	/api/v1/auth/login	http://localhost:4545
20230224	15:46:29	44c2243f-57d9-4d5c-8007-e2f6e899f5ef	POST	/api/v1/auth/login	http://localhost:4545
20230224	15:46:29	153e1a43-0001-40f6-a50d-2102a62b6038	POST	/api/v1/auth/login	http://localhost:4545
20230224	15:46:29	a48d70d2-edcf-4b12-96ec-7eb485aa2c73	POST	/api/v1/auth/login	http://localhost:4545
20230224	15:46:29	be01c54f-c1ea-438b-9e97-2cad13a05083	POST	/api/v1/auth/login	http://localhost:4545
20230224	15:46:29	e25baf85-9191-4116-8a64-6a958555a79c	POST	/api/v1/auth/login	http://localhost:4545
20230224	15:46:29	96e1354f-7e79-4a13-ad71-33c41b07b0d9	POST	/api/v1/auth/login	http://localhost:4545
20230224	15:46:29	a17cbb61-37ca-475d-a6b4-1cb261f7ccc8	POST	/api/v1/auth/login	http://localhost:4545
20230224	15:46:29	a3838832-a736-4b87-b213-e6369afeff85	POST	/api/v1/auth/login	http://localhost:4545
20230224	15:46:29	e7423302-0b3c-41ef-ac8a-80bcd8116c74	POST	/api/v1/auth/login	http://localhost:4545
20230224	15:46:29	1aff4972-c259-4706-8d18-0b6bd00f7397	POST	/api/v1/auth/login	http://localhost:4545
20230224	15:46:29	1cc53bb7-5abb-46e7-acaa-e2d7f4c8054e	POST	/api/v1/auth/login	http://localhost:4545
20230224	15:46:29	b5a1753e-bd9a-4912-9d20-03398655e967	POST	/api/v1/auth/login	http://localhost:4545
20230224	15:46:29	d70c7909-0f91-4134-86aa-0dd0665534d3	POST	/api/v1/auth/login	http://localhost:4545
20230224	15:46:29	a49c2bf9-1214-47df-bd08-0b71cb97abcd	POST	/api/v1/auth/login	http://localhost:4545
20230224	15:46:29	b8783649-7a67-4263-b562-680cab6aa42a	POST	/api/v1/auth/login	http://localhost:4545
20230224	15:46:29	3b6dc7e6-114b-42f1-b2d0-4a9d24d95779	POST	/api/v1/auth/login	http://localhost:4545
20230224	15:46:29	430c5d33-b39b-44dd-b096-4626fb4a14ec	POST	/api/v1/auth/login	http://localhost:4545
20230224	15:46:29	8104ce61-d443-4846-98c2-67cda1064b03	POST	/api/v1/auth/login	http://localhost:4545
20230224	15:46:29	bfbf5e36-22f9-4d72-b8ec-23e0a68e46f3	POST	/api/v1/auth/login	http://localhost:4545
20230224	15:46:29	eca6528a-b325-4b56-995b-f5bce24e793d	POST	/api/v1/auth/login	http://localhost:4545
20230224	15:46:29	e09ddf6e-19c4-421e-a609-a9d3f7dfb725	POST	/api/v1/auth/login	http://localhost:4545
20230224	15:46:29	7b71165d-1582-46cf-ad2e-9e2a7f963563	POST	/api/v1/auth/login	http://localhost:4545
20230224	15:46:29	c1a1b172-4c50-4bb5-aae1-c7ac396ddf2c	POST	/api/v1/auth/login	http://localhost:4545
20230224	15:46:29	d09b8b31-3952-47ae-b6ad-9288b754777c	POST	/api/v1/auth/login	http://localhost:4545
20230224	15:46:29	e7dc881b-9f28-4bfd-b4f2-862c6e60a010	POST	/api/v1/auth/login	http://localhost:4545
20230224	15:46:29	9ea64e93-7726-471f-af9a-be719b647750	POST	/api/v1/auth/login	http://localhost:4545
20230224	15:46:29	c1aa76e7-b495-4299-a812-a98dc878cc93	POST	/api/v1/auth/login	http://localhost:4545
20230224	15:46:29	d46f544e-1b2d-45eb-b916-7b2a5bd09e5d	POST	/api/v1/auth/login	http://localhost:4545
20230224	15:46:29	0de0fe6b-b6f2-4f4d-abac-a498ad4a0ad6	POST	/api/v1/auth/login	http://localhost:4545
20230224	15:46:29	c13a3882-d9d4-4b6b-abab-fd995d1f5670	POST	/api/v1/auth/login	http://localhost:4545
20230224	15:46:29	c99c0764-b255-4d21-90ff-4364e8685413	POST	/api/v1/auth/login	http://localhost:4545
20230224	15:46:29	8b6f845d-f615-4f93-8fbf-411fa142a340	POST	/api/v1/auth/login	http://localhost:4545
20230224	15:46:29	6c31612e-85b0-4ef6-a26d-07101e941326	POST	/api/v1/auth/login	http://localhost:4545
20230224	15:46:29	27600683-d1a4-4510-89c2-48d26ad8ff0b	POST	/api/v1/auth/login	http://localhost:4545
20230224	15:46:29	89e5fec8-d1b6-4c15-b561-23f5f2c42424	POST	/api/v1/auth/login	http://localhost:4545
20230224	15:46:29	7792de25-834b-47e0-be96-0e8739eaf489	POST	/api/v1/auth/login	http://localhost:4545
20230224	15:46:29	4297005f-b49c-4cab-b15e-804fcc2b8fb6	POST	/api/v1/auth/login	http://localhost:4545
20230224	15:46:29	7f312401-7dee-4abb-ba38-d5eabcb3a59c	POST	/api/v1/auth/login	http://localhost:4545
20230224	15:46:29	f1b349b6-070c-44e9-b93d-0994ce6292d6	POST	/api/v1/auth/login	http://localhost:4545
20230224	15:46:29	5aaa5bc2-7de2-457d-b5c6-1d346f3246c5	POST	/api/v1/auth/login	http://localhost:4545
20230224	15:46:29	9c468090-c618-491a-9bd5-b43e7ef3f99e	POST	/api/v1/auth/login	http://localhost:4545
20230224	15:46:29	031a3930-c252-4436-96e8-2b1a5c35690e	POST	/api/v1/auth/login	http://localhost:4545
20230224	15:46:29	bb9005ec-5cd4-4ae5-94f1-47a6bbb6db8b	POST	/api/v1/auth/login	http://localhost:4545
20230224	15:46:29	c806e256-b0bb-4cc2-bdb0-b90313ace163	POST	/api/v1/auth/login	http://localhost:4545
20230224	15:46:29	b16cbfcc-0223-4030-b7c7-89609883d9de	POST	/api/v1/auth/login	http://localhost:4545
20230224	15:46:29	a43e6e04-8264-48fb-bd3f-80c299877a2b	POST	/api/v1/auth/login	http://localhost:4545
20230224	15:46:29	74f31029-aab0-44d3-b53b-e97bf897a371	POST	/api/v1/auth/login	http://localhost:4545
20230224	15:46:29	1efff698-a6f0-4065-afda-46d0f7490f53	POST	/api/v1/auth/login	http://localhost:4545
20230224	15:46:29	f60d298b-2902-46eb-81f1-e27420c601b1	POST	/api/v1/auth/login	http://localhost:4545
20230224	15:46:29	3456f37a-48dc-4da0-a32b-ff70942b7b88	POST	/api/v1/auth/login	http://localhost:4545
20230224	15:46:29	7d3cb744-e6fb-47fe-9215-c7d2df7a30dc	POST	/api/v1/auth/login	http://localhost:4545
20230224	15:46:29	abca4ccb-4128-48db-9aeb-cf84982bc4e5	POST	/api/v1/auth/login	http://localhost:4545
20230224	15:46:29	1870abb4-4a76-4306-b417-9a01e64d474d	POST	/api/v1/auth/login	http://localhost:4545
20230224	15:46:29	8ff2680b-9f61-40ee-9a56-66b7a3434831	POST	/api/v1/auth/login	http://localhost:4545
20230224	15:46:29	6bd0895e-0b6e-4231-b7d5-f0fee542a454	POST	/api/v1/auth/login	http://localhost:4545
20230224	15:46:29	6d1c2c18-1a74-4a28-a269-8492e98f513f	POST	/api/v1/auth/login	http://localhost:4545
20230224	15:46:29	5f028c23-7d5a-401d-a0ee-71e51e1f8092	POST	/api/v1/auth/login	http://localhost:4545
20230224	15:46:29	0c20a723-22bd-469a-95f4-5f2837b629e3	POST	/api/v1/auth/login	http://localhost:4545
20230224	15:46:29	a2edfbe8-5414-411a-8f8b-90fd032feb57	POST	/api/v1/auth/login	http://localhost:4545
20230224	15:46:29	cd8df095-7e15-4e43-9866-155b0cede99e	POST	/api/v1/auth/login	http://localhost:4545
20230224	15:46:29	3784115e-b41f-4e99-8697-46e0055ac040	POST	/api/v1/auth/login	http://localhost:4545
20230224	15:46:29	027e2afe-d2b9-4afe-abed-d432c19c18de	POST	/api/v1/auth/login	http://localhost:4545
20230224	15:46:29	15637bfa-1964-45c6-81a8-af5f69b917a5	POST	/api/v1/auth/login	http://localhost:4545
20230224	15:46:29	3d34cd3d-ff01-40ad-8c3c-130e104c3269	POST	/api/v1/auth/login	http://localhost:4545
20230224	15:46:29	c9d63369-3e0b-4dd1-8bd7-1ce6ab3c84e4	POST	/api/v1/auth/login	http://localhost:4545
20230224	15:46:29	4e1f930c-a29a-4634-9836-a836ceb97473	POST	/api/v1/auth/login	http://localhost:4545
20230224	15:46:29	9e1574c2-7467-4f9b-b627-b61300fa680b	POST	/api/v1/auth/login	http://localhost:4545
20230224	15:46:29	ac1e4f94-30e7-49ed-86a8-8adc8321745f	POST	/api/v1/auth/login	http://localhost:4545
20230224	15:46:29	1dfae02c-2532-4652-8315-732e6157039e	POST	/api/v1/auth/login	http://localhost:4545
20230224	15:46:29	1c3f0171-3e8e-49b9-b730-571e6eb5c53b	POST	/api/v1/auth/login	http://localhost:4545
20230224	15:46:29	aa3acb60-446d-498a-9c8c-c2aaa672d15c	POST	/api/v1/auth/login	http://localhost:4545
20230224	15:46:29	72a79f0d-4d93-4d1b-a489-678ebff5a87b	POST	/api/v1/auth/login	http://localhost:4545
20230224	15:46:29	14300b15-0c8b-40f6-9898-de01e1b34c9c	POST	/api/v1/auth/login	http://localhost:4545
20230224	15:46:29	a0ed17e3-de8a-4917-ae93-2b1b02ffebf0	POST	/api/v1/auth/login	http://localhost:4545
20230224	15:46:29	aff949ad-8cc0-44df-8193-b500d2933d75	POST	/api/v1/auth/login	http://localhost:4545
20230224	15:47:07	340cc095-2190-455d-b6b4-239af3c381c8	POST	/api/v1/auth/login	http://localhost:4545
20230224	15:47:07	bc6c7887-8889-462b-a2d0-4c4f0406bdcd	POST	/api/v1/auth/login	http://localhost:4545
20230224	15:47:07	5af8a6e8-e2ac-4337-bd5f-8a7731f75e5e	POST	/api/v1/auth/login	http://localhost:4545
20230224	15:47:07	f9312029-73b9-4d71-b9ea-88530619884d	POST	/api/v1/auth/login	http://localhost:4545
20230224	15:47:07	c8993f78-be98-4684-9470-f733496732f0	POST	/api/v1/auth/login	http://localhost:4545
20230224	15:47:07	c8c937f3-92e0-4d77-938c-aa89ff0fa5d0	POST	/api/v1/auth/login	http://localhost:4545
20230224	15:47:07	f1392d2d-70f5-4f56-9f96-f8137a5551b0	POST	/api/v1/auth/login	http://localhost:4545
20230224	15:47:07	af0a89b5-0fa6-4f51-b334-a0995267550d	POST	/api/v1/auth/login	http://localhost:4545
20230224	15:47:07	16a9c2a3-8e1f-4d39-b422-bec216ceaaff	POST	/api/v1/auth/login	http://localhost:4545
20230224	15:47:07	285eca66-5f2d-405c-9fed-0f5f0916b47b	POST	/api/v1/auth/login	http://localhost:4545
20230224	15:47:07	b319682e-19c2-466d-a5f1-1d672922c2fd	POST	/api/v1/auth/login	http://localhost:4545
20230224	15:47:07	c701c69d-465b-4ae9-9300-2cd1c8cd51a1	POST	/api/v1/auth/login	http://localhost:4545
20230224	15:47:07	10a552e1-8dc1-4918-9d3c-de8a425284af	POST	/api/v1/auth/login	http://localhost:4545
20230224	15:47:07	a2ad4683-ede3-4758-bdfd-67bb44258c7c	POST	/api/v1/auth/login	http://localhost:4545
20230224	15:47:07	a5a5e78b-a984-4efa-8551-ecb2612c984d	POST	/api/v1/auth/login	http://localhost:4545
20230224	15:47:07	6c33b421-0783-4fa7-b52d-374a92e39ae7	POST	/api/v1/auth/login	http://localhost:4545
20230224	15:47:07	ca7c10f8-5b2e-45a9-bd44-10169475bc41	POST	/api/v1/auth/login	http://localhost:4545
20230224	15:47:07	1f509323-fc47-44b7-899d-1995970e1863	POST	/api/v1/auth/login	http://localhost:4545
20230224	15:47:07	c8bab243-fc97-415c-9083-78004a730bde	POST	/api/v1/auth/login	http://localhost:4545
20230224	15:47:07	687bacc9-e379-4647-8551-8a1437ea98aa	POST	/api/v1/auth/login	http://localhost:4545
20230224	15:47:07	ec0f3309-7682-4378-a638-3b9d82202a69	POST	/api/v1/auth/login	http://localhost:4545
20230224	15:47:07	4d353922-64df-413b-97e6-7f5e460e2e88	POST	/api/v1/auth/login	http://localhost:4545
20230224	15:47:07	c9b8d296-caa7-44aa-b6b7-cc24f056927e	POST	/api/v1/auth/login	http://localhost:4545
20230224	15:47:07	07d8818d-2f77-43a3-8cb8-d7a44ba3e61d	POST	/api/v1/auth/login	http://localhost:4545
20230224	15:47:08	d3aca00a-71d6-4b5c-a1db-bbcf77986b9a	POST	/api/v1/auth/login	http://localhost:4545
20230224	15:47:08	34ab7cac-1c7e-4d5b-a91d-75bc72a537f4	POST	/api/v1/auth/login	http://localhost:4545
20230224	15:47:08	24b6e343-db3b-448e-a89a-564bbed73261	POST	/api/v1/auth/login	http://localhost:4545
20230224	15:47:08	57610daa-983e-4d39-9796-74203b097810	POST	/api/v1/auth/login	http://localhost:4545
20230224	15:47:08	bb49aac0-a363-4db1-b08f-38fdd5f0ee00	POST	/api/v1/auth/login	http://localhost:4545
20230224	15:47:08	75de351f-ffcb-4159-a354-b90f576993e9	POST	/api/v1/auth/login	http://localhost:4545
20230224	15:47:08	29bb7b17-62ce-4bf8-92f8-42edf0dc08df	POST	/api/v1/auth/login	http://localhost:4545
20230224	15:47:08	fcba3d9a-a0cb-40bd-8bb3-47178eaa43f6	POST	/api/v1/auth/login	http://localhost:4545
20230224	15:47:08	1ff94f0c-eda8-4520-a575-3fd876f6b200	POST	/api/v1/auth/login	http://localhost:4545
20230224	15:47:08	3fc9d864-76d7-43f6-b21a-31940679aa69	POST	/api/v1/auth/login	http://localhost:4545
20230224	15:47:08	ffb3f53e-078d-466a-9d54-246a158556ee	POST	/api/v1/auth/login	http://localhost:4545
20230224	15:47:08	86ce1eba-f174-4a0b-870b-e51029011f53	POST	/api/v1/auth/login	http://localhost:4545
20230224	15:47:08	cd9ad194-63e7-4b52-a358-a925515bff53	POST	/api/v1/auth/login	http://localhost:4545
20230224	15:47:08	c03d7e87-7e94-46ed-bac5-c7321be9242f	POST	/api/v1/auth/login	http://localhost:4545
20230224	15:47:08	8547882f-3dbb-4622-9d27-b68efb7677b1	POST	/api/v1/auth/login	http://localhost:4545
20230224	15:47:08	4f9fe386-fefb-4b17-a761-6ffd940d79df	POST	/api/v1/auth/login	http://localhost:4545
20230224	15:47:08	05f8834c-0e18-4134-b07b-31ef190b00d3	POST	/api/v1/auth/login	http://localhost:4545
20230224	15:47:08	5d7b0671-7c18-4143-abdc-37ce051423fc	POST	/api/v1/auth/login	http://localhost:4545
20230224	15:47:08	7dc7adc8-bccf-4ed8-a4e5-752febb8e3ec	POST	/api/v1/auth/login	http://localhost:4545
20230224	15:47:08	e9feb9e6-6bf4-4a71-8b96-a2ace44fce07	POST	/api/v1/auth/login	http://localhost:4545
20230224	15:47:08	7ebc44ae-3b7d-4bcb-a2fe-06a31c99ec7a	POST	/api/v1/auth/login	http://localhost:4545
20230224	15:47:08	5febfef7-aab8-4317-bcb1-6501c43d7135	POST	/api/v1/auth/login	http://localhost:4545
20230224	15:47:08	f7987886-238c-4007-aa4f-88040a7ddce9	POST	/api/v1/auth/login	http://localhost:4545
20230224	15:47:08	205a20c9-b410-4472-9d8c-35c278b6c1a6	POST	/api/v1/auth/login	http://localhost:4545
20230224	15:47:08	8add96e2-641d-416d-907e-4af330ca793b	POST	/api/v1/auth/login	http://localhost:4545
20230224	15:47:08	80f53de9-ef9e-4929-84ca-4afb43b9ef81	POST	/api/v1/auth/login	http://localhost:4545
20230224	15:47:08	58c233b2-4740-4bc8-9680-5b4551e56012	POST	/api/v1/auth/login	http://localhost:4545
20230224	15:47:08	f23b1413-d91a-44ce-9bbc-f2a10efb3eb9	POST	/api/v1/auth/login	http://localhost:4545
20230224	15:47:08	130703e1-3f15-4a85-bbbe-6ecae2109475	POST	/api/v1/auth/login	http://localhost:4545
20230224	15:47:08	89bb3057-4461-4e07-96ef-6dfbc2e5a7d3	POST	/api/v1/auth/login	http://localhost:4545
20230224	15:47:08	bc4c34d3-537f-4ece-abf4-3a5e11edc0d4	POST	/api/v1/auth/login	http://localhost:4545
20230224	15:47:08	88cc0766-44ca-46f4-ba54-19408f653aea	POST	/api/v1/auth/login	http://localhost:4545
20230224	15:47:08	8c1828ee-cdbc-40a4-97b3-29ac03595791	POST	/api/v1/auth/login	http://localhost:4545
20230224	15:47:08	cce46d97-17ff-409f-ab2d-4f404788fb7d	POST	/api/v1/auth/login	http://localhost:4545
20230224	15:47:08	8a840535-129f-4e01-bc09-7b4f8b91eb3b	POST	/api/v1/auth/login	http://localhost:4545
20230224	15:47:08	2bfb557a-2942-46f6-b370-e42fd3c1a8ad	POST	/api/v1/auth/login	http://localhost:4545
20230224	15:47:08	2778e268-e6ef-48c2-8606-397f75c3ea78	POST	/api/v1/auth/login	http://localhost:4545
20230224	15:47:08	78050c0d-b6a8-4f16-ac29-d9bca1cb6e57	POST	/api/v1/auth/login	http://localhost:4545
20230224	15:47:08	d9d80a06-8ce1-4309-bdff-03441bb855b4	POST	/api/v1/auth/login	http://localhost:4545
20230224	15:47:08	475df63c-2bf2-4bbe-bb3e-3eb21267da83	POST	/api/v1/auth/login	http://localhost:4545
20230224	15:47:08	b4b70310-f50c-41f5-92d7-66dfc5faaba1	POST	/api/v1/auth/login	http://localhost:4545
20230224	15:47:08	1f1e6977-32c2-4015-a767-e0dff4c4cb83	POST	/api/v1/auth/login	http://localhost:4545
20230224	15:47:08	81ee2238-d7cf-4f56-91dd-09fd6eecf018	POST	/api/v1/auth/login	http://localhost:4545
20230224	15:47:08	6b4b6229-e687-4f5e-8112-dccc8fa4efb1	POST	/api/v1/auth/login	http://localhost:4545
20230224	15:47:08	b29b5ada-7d1a-4c13-b9f4-c7ce9850ba66	POST	/api/v1/auth/login	http://localhost:4545
20230224	15:47:08	170502f6-bb45-4acc-8ec8-3de4344bcd5f	POST	/api/v1/auth/login	http://localhost:4545
20230224	15:47:08	8dc8c4b5-2b18-42e1-9e42-45c055b010ae	POST	/api/v1/auth/login	http://localhost:4545
20230224	15:47:08	1db6d131-dbd3-4aee-8e41-9cbb697d0374	POST	/api/v1/auth/login	http://localhost:4545
20230224	15:47:08	f8b84a73-bb24-40b1-ac48-c44a4760e4bd	POST	/api/v1/auth/login	http://localhost:4545
20230224	15:47:08	0980c08f-63d5-4a43-ae68-6c5bdb21657d	POST	/api/v1/auth/login	http://localhost:4545
20230224	15:47:08	0cf5cca6-639a-4e04-b7ad-8dad01d5c95e	POST	/api/v1/auth/login	http://localhost:4545
20230224	15:47:08	7d9884a9-8fe5-4fef-9e17-13a47e72765a	POST	/api/v1/auth/login	http://localhost:4545
20230224	15:47:08	ead6ef77-8a5f-4c80-983a-da118aa94efd	POST	/api/v1/auth/login	http://localhost:4545
20230224	15:47:08	4367602e-9df5-4cce-9a03-348beebf0d10	POST	/api/v1/auth/login	http://localhost:4545
20230224	15:47:08	0fa31a2c-5fc6-4ec2-9a44-8441e39bb34e	POST	/api/v1/auth/login	http://localhost:4545
20230224	15:47:08	55024912-1a67-4bcb-92c6-bfb9d7d5333b	POST	/api/v1/auth/login	http://localhost:4545
20230224	15:47:08	24d5e5c9-9d67-40de-8544-c04259965ea7	POST	/api/v1/auth/login	http://localhost:4545
20230224	15:47:08	e094206e-dc4f-40eb-853c-49b255aeaf07	POST	/api/v1/auth/login	http://localhost:4545
20230224	15:47:08	badf7965-9930-4ec0-ba78-0076e7a21443	POST	/api/v1/auth/login	http://localhost:4545
20230224	15:47:08	818e1faa-64f2-4880-99ce-094fcc2421ad	POST	/api/v1/auth/login	http://localhost:4545
20230224	15:47:08	e07ac3c2-e20f-4eb6-a7cb-cbce062770c6	POST	/api/v1/auth/login	http://localhost:4545
20230224	15:47:08	a21af192-68d2-465e-b6a5-5a4e3d42ae2c	POST	/api/v1/auth/login	http://localhost:4545
20230224	15:47:08	ecd7ed03-4c23-4b98-8c69-10f431f660a9	POST	/api/v1/auth/login	http://localhost:4545
20230224	15:47:08	70291043-d9e4-4b74-91da-288d4ef0f7e9	POST	/api/v1/auth/login	http://localhost:4545
20230224	15:47:08	1ab57172-424d-4668-9e1b-d8c0ff46fb19	POST	/api/v1/auth/login	http://localhost:4545
20230224	15:47:08	523f6542-28bf-499d-9c29-9b81f26a6f81	POST	/api/v1/auth/login	http://localhost:4545
20230224	15:47:08	2071958e-33e5-4d88-a7b2-e73766f5c292	POST	/api/v1/auth/login	http://localhost:4545
20230224	15:47:08	8749dc39-c856-4b80-bccc-da78f93da282	POST	/api/v1/auth/login	http://localhost:4545
20230224	15:47:08	1927a051-1769-4584-bc8e-58c927052f1c	POST	/api/v1/auth/login	http://localhost:4545
20230224	15:47:08	331e46f5-a900-4368-a456-6c94903b7e5e	POST	/api/v1/auth/login	http://localhost:4545
20230224	15:47:08	007af9ce-800e-460d-92db-f6811053e6f1	POST	/api/v1/auth/login	http://localhost:4545
20230224	15:47:08	5f6d75f4-cad6-47c6-ab94-d2e7aa330deb	POST	/api/v1/auth/login	http://localhost:4545
20230224	15:47:08	fe4d11fb-8bc0-407e-a7f4-d8916c585fe6	POST	/api/v1/auth/login	http://localhost:4545
20230224	15:47:08	bcdc8f17-4b91-4fce-83ff-e78365ad1f3e	POST	/api/v1/auth/login	http://localhost:4545
20230224	15:47:08	d53a6ac3-6320-4b4a-befa-80552fd047e4	POST	/api/v1/auth/login	http://localhost:4545
20230224	15:47:08	177b470f-5bae-4333-a755-bc1742ccf9de	POST	/api/v1/auth/login	http://localhost:4545
20230224	15:47:08	1ac8dbb1-ad32-4371-90e8-d83d02bacf9a	POST	/api/v1/auth/login	http://localhost:4545
20230224	15:47:09	a6162c51-a7b3-414e-8566-9e9cc2a8edc9	POST	/api/v1/auth/login	http://localhost:4545
20230224	15:47:08	6c2ab09f-7b46-4f36-9f32-cf346012a085	POST	/api/v1/auth/login	http://localhost:4545
20230224	15:47:09	e865a48e-2ae8-4888-989a-f0f727778ed0	POST	/api/v1/auth/login	http://localhost:4545
20230301	16:45:55	af28676d-0035-489c-982d-d63f84191de1	POST	/api/v1/auth/forgot-password	http://localhost:4545
